This is pdfTeX, Version 3.1415926-2.5-1.40.14 (TeX Live 2013/Debian) (format=pdflatex 2014.8.7)  5 SEP 2014 03:11
entering extended mode
 restricted \write18 enabled.
 %&-line parsing enabled.
**presentation_2014_fall.tex
(./presentation_2014_fall.tex
LaTeX2e <2011/06/27>
Babel <3.9h> and hyphenation patterns for 78 languages loaded.
(/usr/share/texmf/tex/latex/beamer/base/beamer.cls
(/usr/share/texmf/tex/latex/beamer/base/beamerbasercs.sty
Package: beamerbasercs 2012/11/13 (rcs-revision cb16a617839f)
)
Document Class: beamer 2012/10/15 development version 3.24 A class for typesett
ing presentations (rcs-revision 24853e6b98cf)
(/usr/share/texmf/tex/latex/beamer/base/beamerbasemodes.sty
Package: beamerbasemodes 2012/04/15 (rcs-revision cc6557182d97)
\beamer@tempbox=\box26
\beamer@tempcount=\count79
\c@beamerpauses=\count80

(/usr/share/texmf/tex/latex/beamer/base/beamerbasedecode.sty
Package: beamerbasedecode 2010/05/01 (rcs-revision efa082c6111d)
\beamer@slideinframe=\count81
\beamer@minimum=\count82
)
\beamer@commentbox=\box27
\beamer@modecount=\count83
)
(/usr/share/texlive/texmf-dist/tex/generic/oberdiek/ifpdf.sty
Package: ifpdf 2011/01/30 v2.3 Provides the ifpdf switch (HO)
Package ifpdf Info: pdfTeX in PDF mode is detected.
)
\headheight=\dimen102
\headdp=\dimen103
\footheight=\dimen104
\sidebarheight=\dimen105
\beamer@tempdim=\dimen106
\beamer@finalheight=\dimen107
\beamer@animht=\dimen108
\beamer@animdp=\dimen109
\beamer@animwd=\dimen110
\beamer@leftmargin=\dimen111
\beamer@rightmargin=\dimen112
\beamer@leftsidebar=\dimen113
\beamer@rightsidebar=\dimen114
\beamer@boxsize=\dimen115
\beamer@vboxoffset=\dimen116
\beamer@descdefault=\dimen117
\beamer@descriptionwidth=\dimen118
\beamer@lastskip=\skip41
\beamer@areabox=\box28
\beamer@animcurrent=\box29
\beamer@animshowbox=\box30
\beamer@sectionbox=\box31
\beamer@logobox=\box32
\beamer@linebox=\box33
\beamer@sectioncount=\count84
\beamer@subsubsectionmax=\count85
\beamer@subsectionmax=\count86
\beamer@sectionmax=\count87
\beamer@totalheads=\count88
\beamer@headcounter=\count89
\beamer@partstartpage=\count90
\beamer@sectionstartpage=\count91
\beamer@subsectionstartpage=\count92
\beamer@animationtempa=\count93
\beamer@animationtempb=\count94
\beamer@xpos=\count95
\beamer@ypos=\count96
\beamer@showpartnumber=\count97
\beamer@currentsubsection=\count98
\beamer@coveringdepth=\count99
\beamer@sectionadjust=\count100
\beamer@tocsectionnumber=\count101

(/usr/share/texmf/tex/latex/beamer/base/beamerbaseoptions.sty
Package: beamerbaseoptions 2010/04/27 (rcs-revision 982469101dd6)

(/usr/share/texlive/texmf-dist/tex/latex/graphics/keyval.sty
Package: keyval 1999/03/16 v1.13 key=value parser (DPC)
\KV@toks@=\toks14
))
\beamer@paperwidth=\skip42
\beamer@paperheight=\skip43

(/usr/share/texlive/texmf-dist/tex/latex/geometry/geometry.sty
Package: geometry 2010/09/12 v5.6 Page Geometry

(/usr/share/texlive/texmf-dist/tex/generic/oberdiek/ifvtex.sty
Package: ifvtex 2010/03/01 v1.5 Detect VTeX and its facilities (HO)
Package ifvtex Info: VTeX not detected.
)
(/usr/share/texlive/texmf-dist/tex/generic/ifxetex/ifxetex.sty
Package: ifxetex 2010/09/12 v0.6 Provides ifxetex conditional
)
\Gm@cnth=\count102
\Gm@cntv=\count103
\c@Gm@tempcnt=\count104
\Gm@bindingoffset=\dimen119
\Gm@wd@mp=\dimen120
\Gm@odd@mp=\dimen121
\Gm@even@mp=\dimen122
\Gm@layoutwidth=\dimen123
\Gm@layoutheight=\dimen124
\Gm@layouthoffset=\dimen125
\Gm@layoutvoffset=\dimen126
\Gm@dimlist=\toks15
)
(/usr/share/texlive/texmf-dist/tex/latex/base/size11.clo
File: size11.clo 2007/10/19 v1.4h Standard LaTeX file (size option)
)
(/usr/share/texmf/tex/latex/pgf/basiclayer/pgfcore.sty
(/usr/share/texlive/texmf-dist/tex/latex/graphics/graphicx.sty
Package: graphicx 1999/02/16 v1.0f Enhanced LaTeX Graphics (DPC,SPQR)

(/usr/share/texlive/texmf-dist/tex/latex/graphics/graphics.sty
Package: graphics 2009/02/05 v1.0o Standard LaTeX Graphics (DPC,SPQR)

(/usr/share/texlive/texmf-dist/tex/latex/graphics/trig.sty
Package: trig 1999/03/16 v1.09 sin cos tan (DPC)
)
(/usr/share/texlive/texmf-dist/tex/latex/latexconfig/graphics.cfg
File: graphics.cfg 2010/04/23 v1.9 graphics configuration of TeX Live
)
Package graphics Info: Driver file: pdftex.def on input line 91.

(/usr/share/texlive/texmf-dist/tex/latex/pdftex-def/pdftex.def
File: pdftex.def 2011/05/27 v0.06d Graphics/color for pdfTeX

(/usr/share/texlive/texmf-dist/tex/generic/oberdiek/infwarerr.sty
Package: infwarerr 2010/04/08 v1.3 Providing info/warning/error messages (HO)
)
(/usr/share/texlive/texmf-dist/tex/generic/oberdiek/ltxcmds.sty
Package: ltxcmds 2011/11/09 v1.22 LaTeX kernel commands for general use (HO)
)
\Gread@gobject=\count105
))
\Gin@req@height=\dimen127
\Gin@req@width=\dimen128
)
(/usr/share/texmf/tex/latex/pgf/systemlayer/pgfsys.sty
(/usr/share/texmf/tex/latex/pgf/utilities/pgfrcs.sty
(/usr/share/texmf/tex/generic/pgf/utilities/pgfutil-common.tex
\pgfutil@everybye=\toks16
)
(/usr/share/texmf/tex/generic/pgf/utilities/pgfutil-latex.def
\pgfutil@abb=\box34

(/usr/share/texlive/texmf-dist/tex/latex/ms/everyshi.sty
Package: everyshi 2001/05/15 v3.00 EveryShipout Package (MS)
))
(/usr/share/texmf/tex/generic/pgf/utilities/pgfrcs.code.tex
Package: pgfrcs 2010/10/25 v2.10 (rcs-revision 1.24)
))
(/usr/share/texmf/tex/generic/pgf/systemlayer/pgfsys.code.tex
Package: pgfsys 2010/06/30 v2.10 (rcs-revision 1.37)

(/usr/share/texmf/tex/generic/pgf/utilities/pgfkeys.code.tex
\pgfkeys@pathtoks=\toks17
\pgfkeys@temptoks=\toks18

(/usr/share/texmf/tex/generic/pgf/utilities/pgfkeysfiltered.code.tex
\pgfkeys@tmptoks=\toks19
))
\pgf@x=\dimen129
\pgf@y=\dimen130
\pgf@xa=\dimen131
\pgf@ya=\dimen132
\pgf@xb=\dimen133
\pgf@yb=\dimen134
\pgf@xc=\dimen135
\pgf@yc=\dimen136
\w@pgf@writea=\write3
\r@pgf@reada=\read1
\c@pgf@counta=\count106
\c@pgf@countb=\count107
\c@pgf@countc=\count108
\c@pgf@countd=\count109

(/usr/share/texmf/tex/generic/pgf/systemlayer/pgf.cfg
File: pgf.cfg 2008/05/14  (rcs-revision 1.7)
)
Package pgfsys Info: Driver file for pgf: pgfsys-pdftex.def on input line 900.

(/usr/share/texmf/tex/generic/pgf/systemlayer/pgfsys-pdftex.def
File: pgfsys-pdftex.def 2009/05/22  (rcs-revision 1.26)

(/usr/share/texmf/tex/generic/pgf/systemlayer/pgfsys-common-pdf.def
File: pgfsys-common-pdf.def 2008/05/19  (rcs-revision 1.10)
)))
(/usr/share/texmf/tex/generic/pgf/systemlayer/pgfsyssoftpath.code.tex
File: pgfsyssoftpath.code.tex 2008/07/18  (rcs-revision 1.7)
\pgfsyssoftpath@smallbuffer@items=\count110
\pgfsyssoftpath@bigbuffer@items=\count111
)
(/usr/share/texmf/tex/generic/pgf/systemlayer/pgfsysprotocol.code.tex
File: pgfsysprotocol.code.tex 2006/10/16  (rcs-revision 1.4)
))
(/usr/share/texmf/tex/latex/xcolor/xcolor.sty
Package: xcolor 2007/01/21 v2.11 LaTeX color extensions (UK)

(/usr/share/texlive/texmf-dist/tex/latex/latexconfig/color.cfg
File: color.cfg 2007/01/18 v1.5 color configuration of teTeX/TeXLive
)
Package xcolor Info: Driver file: pdftex.def on input line 225.
Package xcolor Info: Model `cmy' substituted by `cmy0' on input line 1337.
Package xcolor Info: Model `hsb' substituted by `rgb' on input line 1341.
Package xcolor Info: Model `RGB' extended on input line 1353.
Package xcolor Info: Model `HTML' substituted by `rgb' on input line 1355.
Package xcolor Info: Model `Hsb' substituted by `hsb' on input line 1356.
Package xcolor Info: Model `tHsb' substituted by `hsb' on input line 1357.
Package xcolor Info: Model `HSB' substituted by `hsb' on input line 1358.
Package xcolor Info: Model `Gray' substituted by `gray' on input line 1359.
Package xcolor Info: Model `wave' substituted by `hsb' on input line 1360.
)
(/usr/share/texmf/tex/generic/pgf/basiclayer/pgfcore.code.tex
Package: pgfcore 2010/04/11 v2.10 (rcs-revision 1.7)

(/usr/share/texmf/tex/generic/pgf/math/pgfmath.code.tex
(/usr/share/texmf/tex/generic/pgf/math/pgfmathcalc.code.tex
(/usr/share/texmf/tex/generic/pgf/math/pgfmathutil.code.tex)
(/usr/share/texmf/tex/generic/pgf/math/pgfmathparser.code.tex
\pgfmath@dimen=\dimen137
\pgfmath@count=\count112
\pgfmath@box=\box35
\pgfmath@toks=\toks20
\pgfmath@stack@operand=\toks21
\pgfmath@stack@operation=\toks22
)
(/usr/share/texmf/tex/generic/pgf/math/pgfmathfunctions.code.tex
(/usr/share/texmf/tex/generic/pgf/math/pgfmathfunctions.basic.code.tex)
(/usr/share/texmf/tex/generic/pgf/math/pgfmathfunctions.trigonometric.code.tex)
(/usr/share/texmf/tex/generic/pgf/math/pgfmathfunctions.random.code.tex)
(/usr/share/texmf/tex/generic/pgf/math/pgfmathfunctions.comparison.code.tex)
(/usr/share/texmf/tex/generic/pgf/math/pgfmathfunctions.base.code.tex)
(/usr/share/texmf/tex/generic/pgf/math/pgfmathfunctions.round.code.tex)
(/usr/share/texmf/tex/generic/pgf/math/pgfmathfunctions.misc.code.tex)))
(/usr/share/texmf/tex/generic/pgf/math/pgfmathfloat.code.tex
\c@pgfmathroundto@lastzeros=\count113
))
(/usr/share/texmf/tex/generic/pgf/basiclayer/pgfcorepoints.code.tex
File: pgfcorepoints.code.tex 2010/04/09  (rcs-revision 1.20)
\pgf@picminx=\dimen138
\pgf@picmaxx=\dimen139
\pgf@picminy=\dimen140
\pgf@picmaxy=\dimen141
\pgf@pathminx=\dimen142
\pgf@pathmaxx=\dimen143
\pgf@pathminy=\dimen144
\pgf@pathmaxy=\dimen145
\pgf@xx=\dimen146
\pgf@xy=\dimen147
\pgf@yx=\dimen148
\pgf@yy=\dimen149
\pgf@zx=\dimen150
\pgf@zy=\dimen151
)
(/usr/share/texmf/tex/generic/pgf/basiclayer/pgfcorepathconstruct.code.tex
File: pgfcorepathconstruct.code.tex 2010/08/03  (rcs-revision 1.24)
\pgf@path@lastx=\dimen152
\pgf@path@lasty=\dimen153
)
(/usr/share/texmf/tex/generic/pgf/basiclayer/pgfcorepathusage.code.tex
File: pgfcorepathusage.code.tex 2008/04/22  (rcs-revision 1.12)
\pgf@shorten@end@additional=\dimen154
\pgf@shorten@start@additional=\dimen155
)
(/usr/share/texmf/tex/generic/pgf/basiclayer/pgfcorescopes.code.tex
File: pgfcorescopes.code.tex 2010/09/08  (rcs-revision 1.34)
\pgfpic=\box36
\pgf@hbox=\box37
\pgf@layerbox@main=\box38
\pgf@picture@serial@count=\count114
)
(/usr/share/texmf/tex/generic/pgf/basiclayer/pgfcoregraphicstate.code.tex
File: pgfcoregraphicstate.code.tex 2008/04/22  (rcs-revision 1.9)
\pgflinewidth=\dimen156
)
(/usr/share/texmf/tex/generic/pgf/basiclayer/pgfcoretransformations.code.tex
File: pgfcoretransformations.code.tex 2009/06/10  (rcs-revision 1.11)
\pgf@pt@x=\dimen157
\pgf@pt@y=\dimen158
\pgf@pt@temp=\dimen159
)
(/usr/share/texmf/tex/generic/pgf/basiclayer/pgfcorequick.code.tex
File: pgfcorequick.code.tex 2008/10/09  (rcs-revision 1.3)
)
(/usr/share/texmf/tex/generic/pgf/basiclayer/pgfcoreobjects.code.tex
File: pgfcoreobjects.code.tex 2006/10/11  (rcs-revision 1.2)
)
(/usr/share/texmf/tex/generic/pgf/basiclayer/pgfcorepathprocessing.code.tex
File: pgfcorepathprocessing.code.tex 2008/10/09  (rcs-revision 1.8)
)
(/usr/share/texmf/tex/generic/pgf/basiclayer/pgfcorearrows.code.tex
File: pgfcorearrows.code.tex 2008/04/23  (rcs-revision 1.11)
)
(/usr/share/texmf/tex/generic/pgf/basiclayer/pgfcoreshade.code.tex
File: pgfcoreshade.code.tex 2008/11/23  (rcs-revision 1.13)
\pgf@max=\dimen160
\pgf@sys@shading@range@num=\count115
)
(/usr/share/texmf/tex/generic/pgf/basiclayer/pgfcoreimage.code.tex
File: pgfcoreimage.code.tex 2010/03/25  (rcs-revision 1.16)

(/usr/share/texmf/tex/generic/pgf/basiclayer/pgfcoreexternal.code.tex
File: pgfcoreexternal.code.tex 2010/09/01  (rcs-revision 1.17)
\pgfexternal@startupbox=\box39
))
(/usr/share/texmf/tex/generic/pgf/basiclayer/pgfcorelayers.code.tex
File: pgfcorelayers.code.tex 2010/08/27  (rcs-revision 1.2)
)
(/usr/share/texmf/tex/generic/pgf/basiclayer/pgfcoretransparency.code.tex
File: pgfcoretransparency.code.tex 2008/01/17  (rcs-revision 1.2)
)
(/usr/share/texmf/tex/generic/pgf/basiclayer/pgfcorepatterns.code.tex
File: pgfcorepatterns.code.tex 2009/07/02  (rcs-revision 1.3)
)))
(/usr/share/texmf/tex/latex/pgf/utilities/xxcolor.sty
Package: xxcolor 2003/10/24 ver 0.1
\XC@nummixins=\count116
\XC@countmixins=\count117
)
(/usr/share/texlive/texmf-dist/tex/latex/hyperref/hyperref.sty
Package: hyperref 2012/11/06 v6.83m Hypertext links for LaTeX

(/usr/share/texlive/texmf-dist/tex/generic/oberdiek/hobsub-hyperref.sty
Package: hobsub-hyperref 2012/05/28 v1.13 Bundle oberdiek, subset hyperref (HO)


(/usr/share/texlive/texmf-dist/tex/generic/oberdiek/hobsub-generic.sty
Package: hobsub-generic 2012/05/28 v1.13 Bundle oberdiek, subset generic (HO)
Package: hobsub 2012/05/28 v1.13 Construct package bundles (HO)
Package hobsub Info: Skipping package `infwarerr' (already loaded).
Package hobsub Info: Skipping package `ltxcmds' (already loaded).
Package: ifluatex 2010/03/01 v1.3 Provides the ifluatex switch (HO)
Package ifluatex Info: LuaTeX not detected.
Package hobsub Info: Skipping package `ifvtex' (already loaded).
Package: intcalc 2007/09/27 v1.1 Expandable calculations with integers (HO)
Package hobsub Info: Skipping package `ifpdf' (already loaded).
Package: etexcmds 2011/02/16 v1.5 Avoid name clashes with e-TeX commands (HO)
Package etexcmds Info: Could not find \expanded.
(etexcmds)             That can mean that you are not using pdfTeX 1.50 or
(etexcmds)             that some package has redefined \expanded.
(etexcmds)             In the latter case, load this package earlier.
Package: kvsetkeys 2012/04/25 v1.16 Key value parser (HO)
Package: kvdefinekeys 2011/04/07 v1.3 Define keys (HO)
Package: pdftexcmds 2011/11/29 v0.20 Utility functions of pdfTeX for LuaTeX (HO
)
Package pdftexcmds Info: LuaTeX not detected.
Package pdftexcmds Info: \pdf@primitive is available.
Package pdftexcmds Info: \pdf@ifprimitive is available.
Package pdftexcmds Info: \pdfdraftmode found.
Package: pdfescape 2011/11/25 v1.13 Implements pdfTeX's escape features (HO)
Package: bigintcalc 2012/04/08 v1.3 Expandable calculations on big integers (HO
)
Package: bitset 2011/01/30 v1.1 Handle bit-vector datatype (HO)
Package: uniquecounter 2011/01/30 v1.2 Provide unlimited unique counter (HO)
)
Package hobsub Info: Skipping package `hobsub' (already loaded).
Package: letltxmacro 2010/09/02 v1.4 Let assignment for LaTeX macros (HO)
Package: hopatch 2012/05/28 v1.2 Wrapper for package hooks (HO)
Package: xcolor-patch 2011/01/30 xcolor patch
Package: atveryend 2011/06/30 v1.8 Hooks at the very end of document (HO)
Package atveryend Info: \enddocument detected (standard20110627).
Package: atbegshi 2011/10/05 v1.16 At begin shipout hook (HO)
Package: refcount 2011/10/16 v3.4 Data extraction from label references (HO)
Package: hycolor 2011/01/30 v1.7 Color options for hyperref/bookmark (HO)
)
(/usr/share/texlive/texmf-dist/tex/latex/oberdiek/auxhook.sty
Package: auxhook 2011/03/04 v1.3 Hooks for auxiliary files (HO)
)
(/usr/share/texlive/texmf-dist/tex/latex/oberdiek/kvoptions.sty
Package: kvoptions 2011/06/30 v3.11 Key value format for package options (HO)
)
\@linkdim=\dimen161
\Hy@linkcounter=\count118
\Hy@pagecounter=\count119

(/usr/share/texlive/texmf-dist/tex/latex/hyperref/pd1enc.def
File: pd1enc.def 2012/11/06 v6.83m Hyperref: PDFDocEncoding definition (HO)
)
\Hy@SavedSpaceFactor=\count120

(/usr/share/texlive/texmf-dist/tex/latex/latexconfig/hyperref.cfg
File: hyperref.cfg 2002/06/06 v1.2 hyperref configuration of TeXLive
)
Package hyperref Info: Option `bookmarks' set `true' on input line 4319.
Package hyperref Info: Option `bookmarksopen' set `true' on input line 4319.
Package hyperref Info: Option `implicit' set `false' on input line 4319.
Package hyperref Info: Hyper figures OFF on input line 4443.
Package hyperref Info: Link nesting OFF on input line 4448.
Package hyperref Info: Hyper index ON on input line 4451.
Package hyperref Info: Plain pages OFF on input line 4458.
Package hyperref Info: Backreferencing OFF on input line 4463.
Package hyperref Info: Implicit mode OFF; no redefinition of LaTeX internals.
Package hyperref Info: Bookmarks ON on input line 4688.
\c@Hy@tempcnt=\count121

(/usr/share/texlive/texmf-dist/tex/latex/url/url.sty
\Urlmuskip=\muskip10
Package: url 2013/09/16  ver 3.4  Verb mode for urls, etc.
)
LaTeX Info: Redefining \url on input line 5041.
\XeTeXLinkMargin=\dimen162
\Fld@menulength=\count122
\Field@Width=\dimen163
\Fld@charsize=\dimen164
Package hyperref Info: Hyper figures OFF on input line 6295.
Package hyperref Info: Link nesting OFF on input line 6300.
Package hyperref Info: Hyper index ON on input line 6303.
Package hyperref Info: backreferencing OFF on input line 6310.
Package hyperref Info: Link coloring OFF on input line 6315.
Package hyperref Info: Link coloring with OCG OFF on input line 6320.
Package hyperref Info: PDF/A mode OFF on input line 6325.
LaTeX Info: Redefining \ref on input line 6365.
LaTeX Info: Redefining \pageref on input line 6369.
\Hy@abspage=\count123


Package hyperref Message: Stopped early.

)

Package hyperref Message: Driver (autodetected): hpdftex.

(/usr/share/texlive/texmf-dist/tex/latex/hyperref/hpdftex.def
File: hpdftex.def 2012/11/06 v6.83m Hyperref driver for pdfTeX
\Fld@listcount=\count124
\c@bookmark@seq@number=\count125

(/usr/share/texlive/texmf-dist/tex/latex/oberdiek/rerunfilecheck.sty
Package: rerunfilecheck 2011/04/15 v1.7 Rerun checks for auxiliary files (HO)
Package uniquecounter Info: New unique counter `rerunfilecheck' on input line 2
82.
))
(/usr/share/texmf/tex/latex/beamer/base/beamerbaserequires.sty
Package: beamerbaserequires 2010/05/01  (rcs-revision efa082c6111d)

(/usr/share/texmf/tex/latex/beamer/base/beamerbasecompatibility.sty
Package: beamerbasecompatibility 2012/05/01  (rcs-revision 67c48b3b652d)
)
(/usr/share/texmf/tex/latex/beamer/base/beamerbasefont.sty
Package: beamerbasefont 2012/09/19  (rcs-revision 733629cd0c6c)

(/usr/share/texlive/texmf-dist/tex/latex/amsfonts/amssymb.sty
Package: amssymb 2013/01/14 v3.01 AMS font symbols

(/usr/share/texlive/texmf-dist/tex/latex/amsfonts/amsfonts.sty
Package: amsfonts 2013/01/14 v3.01 Basic AMSFonts support
\@emptytoks=\toks23
\symAMSa=\mathgroup4
\symAMSb=\mathgroup5
LaTeX Font Info:    Overwriting math alphabet `\mathfrak' in version `bold'
(Font)                  U/euf/m/n --> U/euf/b/n on input line 106.
)))
(/usr/share/texmf/tex/latex/beamer/base/beamerbasetranslator.sty
Package: beamerbasetranslator 2010/06/11  (rcs-revision 85fd1cc7fc42)

(/usr/share/texmf/tex/latex/beamer/base/translator/translator.sty
Package: translator 2010/06/12 ver 1.10

(/usr/share/texmf/tex/latex/beamer/base/translator/translator-language-mappings
.tex))) (/usr/share/texmf/tex/latex/beamer/base/beamerbasemisc.sty
Package: beamerbasemisc 2012/02/24  (rcs-revision 2ff5461be705)
)
(/usr/share/texmf/tex/latex/beamer/base/beamerbasetwoscreens.sty
Package: beamerbasetwoscreens 2010/05/01  (rcs-revision efa082c6111d)
)
(/usr/share/texmf/tex/latex/beamer/base/beamerbaseoverlay.sty
Package: beamerbaseoverlay 2012/11/11  (rcs-revision 6afbc49b1109)
\beamer@argscount=\count126
\beamer@lastskipcover=\skip44
\beamer@trivlistdepth=\count127
)
(/usr/share/texmf/tex/latex/beamer/base/beamerbasetitle.sty
Package: beamerbasetitle 2010/09/21  (rcs-revision f0446ed0b6ae)
)
(/usr/share/texmf/tex/latex/beamer/base/beamerbasesection.sty
Package: beamerbasesection 2012/11/11  (rcs-revision 0056eef6f17f)
\c@lecture=\count128
\c@part=\count129
\c@section=\count130
\c@subsection=\count131
\c@subsubsection=\count132
)
(/usr/share/texmf/tex/latex/beamer/base/beamerbaseframe.sty
Package: beamerbaseframe 2012/09/13  (rcs-revision dcd846607320)
\beamer@framebox=\box40
\beamer@frametitlebox=\box41
\beamer@zoombox=\box42
\beamer@zoomcount=\count133
\beamer@zoomframecount=\count134
\beamer@frametextheight=\dimen165
\c@subsectionslide=\count135
\beamer@frametopskip=\skip45
\beamer@framebottomskip=\skip46
\beamer@frametopskipautobreak=\skip47
\beamer@framebottomskipautobreak=\skip48
\beamer@envbody=\toks24
\framewidth=\dimen166
\c@framenumber=\count136
)
(/usr/share/texmf/tex/latex/beamer/base/beamerbaseverbatim.sty
Package: beamerbaseverbatim 2012/08/30  (rcs-revision dfdb135076b3)
\beamer@verbatimfileout=\write4
)
(/usr/share/texmf/tex/latex/beamer/base/beamerbaseframesize.sty
Package: beamerbaseframesize 2011/09/12  (rcs-revision 70f9d8411e54)
\beamer@splitbox=\box43
\beamer@autobreakcount=\count137
\beamer@autobreaklastheight=\dimen167
\beamer@frametitletoks=\toks25
\beamer@framesubtitletoks=\toks26
)
(/usr/share/texmf/tex/latex/beamer/base/beamerbaseframecomponents.sty
Package: beamerbaseframecomponents 2012/09/13  (rcs-revision dcd846607320)
\beamer@footins=\box44
)
(/usr/share/texmf/tex/latex/beamer/base/beamerbasecolor.sty
Package: beamerbasecolor 2010/06/06  (rcs-revision d1a9b48be06d)
)
(/usr/share/texmf/tex/latex/beamer/base/beamerbasenotes.sty
Package: beamerbasenotes 2010/05/01  (rcs-revision efa082c6111d)
\beamer@frameboxcopy=\box45
)
(/usr/share/texmf/tex/latex/beamer/base/beamerbasetoc.sty
Package: beamerbasetoc 2012/10/02  (rcs-revision 5ed0f4010e8a)
)
(/usr/share/texmf/tex/latex/beamer/base/beamerbasetemplates.sty
Package: beamerbasetemplates 2010/05/01  (rcs-revision efa082c6111d)
\beamer@sbttoks=\toks27

(/usr/share/texmf/tex/latex/beamer/base/beamerbaseauxtemplates.sty
Package: beamerbaseauxtemplates 2012/05/01  (rcs-revision 67c48b3b652d)

(/usr/share/texmf/tex/latex/beamer/base/beamerbaseboxes.sty
Package: beamerbaseboxes 2012/05/13  (rcs-revision 56972908a390)
\bmb@box=\box46
\bmb@colorbox=\box47
\bmb@boxshadow=\box48
\bmb@boxshadowball=\box49
\bmb@boxshadowballlarge=\box50
\bmb@temp=\dimen168
\bmb@dima=\dimen169
\bmb@dimb=\dimen170
\bmb@prevheight=\dimen171
)
\beamer@blockheadheight=\dimen172
))
(/usr/share/texmf/tex/latex/beamer/base/beamerbaselocalstructure.sty
Package: beamerbaselocalstructure 2012/11/13  (rcs-revision ddfba79dac19)

(/usr/share/texlive/texmf-dist/tex/latex/tools/enumerate.sty
Package: enumerate 1999/03/05 v3.00 enumerate extensions (DPC)
\@enLab=\toks28
)
\c@figure=\count138
\c@table=\count139
\abovecaptionskip=\skip49
\belowcaptionskip=\skip50
)
(/usr/share/texmf/tex/latex/beamer/base/beamerbasenavigation.sty
Package: beamerbasenavigation 2012/04/03  (rcs-revision 42a0f21a412d)
\beamer@section@min@dim=\dimen173
)
(/usr/share/texmf/tex/latex/beamer/base/beamerbasetheorems.sty
Package: beamerbasetheorems 2010/06/06  (rcs-revision 7e7cc5e53e9d)

(/usr/share/texlive/texmf-dist/tex/latex/amsmath/amsmath.sty
Package: amsmath 2013/01/14 v2.14 AMS math features
\@mathmargin=\skip51

For additional information on amsmath, use the `?' option.
(/usr/share/texlive/texmf-dist/tex/latex/amsmath/amstext.sty
Package: amstext 2000/06/29 v2.01

(/usr/share/texlive/texmf-dist/tex/latex/amsmath/amsgen.sty
File: amsgen.sty 1999/11/30 v2.0
\@emptytoks=\toks29
\ex@=\dimen174
))
(/usr/share/texlive/texmf-dist/tex/latex/amsmath/amsbsy.sty
Package: amsbsy 1999/11/29 v1.2d
\pmbraise@=\dimen175
)
(/usr/share/texlive/texmf-dist/tex/latex/amsmath/amsopn.sty
Package: amsopn 1999/12/14 v2.01 operator names
)
\inf@bad=\count140
LaTeX Info: Redefining \frac on input line 210.
\uproot@=\count141
\leftroot@=\count142
LaTeX Info: Redefining \overline on input line 306.
\classnum@=\count143
\DOTSCASE@=\count144
LaTeX Info: Redefining \ldots on input line 378.
LaTeX Info: Redefining \dots on input line 381.
LaTeX Info: Redefining \cdots on input line 466.
\Mathstrutbox@=\box51
\strutbox@=\box52
\big@size=\dimen176
LaTeX Font Info:    Redeclaring font encoding OML on input line 566.
LaTeX Font Info:    Redeclaring font encoding OMS on input line 567.
\macc@depth=\count145
\c@MaxMatrixCols=\count146
\dotsspace@=\muskip11
\c@parentequation=\count147
\dspbrk@lvl=\count148
\tag@help=\toks30
\row@=\count149
\column@=\count150
\maxfields@=\count151
\andhelp@=\toks31
\eqnshift@=\dimen177
\alignsep@=\dimen178
\tagshift@=\dimen179
\tagwidth@=\dimen180
\totwidth@=\dimen181
\lineht@=\dimen182
\@envbody=\toks32
\multlinegap=\skip52
\multlinetaggap=\skip53
\mathdisplay@stack=\toks33
LaTeX Info: Redefining \[ on input line 2665.
LaTeX Info: Redefining \] on input line 2666.
)
(/usr/share/texlive/texmf-dist/tex/latex/amscls/amsthm.sty
Package: amsthm 2004/08/06 v2.20
\thm@style=\toks34
\thm@bodyfont=\toks35
\thm@headfont=\toks36
\thm@notefont=\toks37
\thm@headpunct=\toks38
\thm@preskip=\skip54
\thm@postskip=\skip55
\thm@headsep=\skip56
\dth@everypar=\toks39
)
\c@theorem=\count152
)
(/usr/share/texmf/tex/latex/beamer/base/beamerbasethemes.sty
Package: beamerbasethemes 2010/05/01  (rcs-revision efa082c6111d)
))
(/usr/share/texmf/tex/latex/beamer/base/themes/theme/beamerthemedefault.sty
Package: beamerthemedefault 2010/06/17  (rcs-revision d02a7cf4d8ae)

(/usr/share/texmf/tex/latex/beamer/base/themes/font/beamerfontthemedefault.sty
Package: beamerfontthemedefault 2010/06/17  (rcs-revision d02a7cf4d8ae)
)
(/usr/share/texmf/tex/latex/beamer/base/themes/color/beamercolorthemedefault.st
y
Package: beamercolorthemedefault 2010/06/17  (rcs-revision d02a7cf4d8ae)
)
(/usr/share/texmf/tex/latex/beamer/base/themes/inner/beamerinnerthemedefault.st
y
Package: beamerinnerthemedefault 2012/05/01  (rcs-revision 67c48b3b652d)
\beamer@dima=\dimen183
\beamer@dimb=\dimen184
)
(/usr/share/texmf/tex/latex/beamer/base/themes/outer/beamerouterthemedefault.st
y
Package: beamerouterthemedefault 2012/10/02  (rcs-revision 5ed0f4010e8a)
))) (/usr/share/texlive/texmf-dist/tex/latex/oberdiek/epstopdf.sty
Package: epstopdf 2010/02/09 v2.5 Conversion with epstopdf on the fly (HO)

(/usr/share/texlive/texmf-dist/tex/latex/oberdiek/epstopdf-base.sty
Package: epstopdf-base 2010/02/09 v2.5 Base part for package epstopdf

(/usr/share/texlive/texmf-dist/tex/latex/oberdiek/grfext.sty
Package: grfext 2010/08/19 v1.1 Manage graphics extensions (HO)
)
Package grfext Info: Graphics extension search list:
(grfext)             [.png,.pdf,.jpg,.mps,.jpeg,.jbig2,.jb2,.PNG,.PDF,.JPG,.JPE
G,.JBIG2,.JB2,.eps]
(grfext)             \AppendGraphicsExtensions on input line 452.

(/usr/share/texlive/texmf-dist/tex/latex/latexconfig/epstopdf-sys.cfg
File: epstopdf-sys.cfg 2010/07/13 v1.3 Configuration of (r)epstopdf for TeX Liv
e
)))
(/usr/share/texlive/texmf-dist/tex/latex/caption/caption.sty
Package: caption 2013/05/02 v3.3-89 Customizing captions (AR)

(/usr/share/texlive/texmf-dist/tex/latex/caption/caption3.sty
Package: caption3 2013/05/02 v1.6-88 caption3 kernel (AR)
Package caption3 Info: TeX engine: e-TeX on input line 57.
\captionmargin=\dimen185
\captionmargin@=\dimen186
\captionwidth=\dimen187
\caption@tempdima=\dimen188
\caption@indent=\dimen189
\caption@parindent=\dimen190
\caption@hangindent=\dimen191
)
\c@ContinuedFloat=\count153
Package caption Info: beamer document class.
Package caption Info: hyperref package is loaded.
Package caption Info: Hyperref support is turned off
(caption)             because hyperref has stopped early.
)
(/usr/share/texlive/texmf-dist/tex/latex/caption/subcaption.sty
Package: subcaption 2013/02/03 v1.1-62 Sub-captions (AR)
\c@subfigure=\count154
\c@subtable=\count155
)
(/usr/share/texmf/tex/latex/lm/lmodern.sty
Package: lmodern 2009/10/30 v1.6 Latin Modern Fonts
LaTeX Font Info:    Overwriting symbol font `operators' in version `normal'
(Font)                  OT1/cmr/m/n --> OT1/lmr/m/n on input line 22.
LaTeX Font Info:    Overwriting symbol font `letters' in version `normal'
(Font)                  OML/cmm/m/it --> OML/lmm/m/it on input line 23.
LaTeX Font Info:    Overwriting symbol font `symbols' in version `normal'
(Font)                  OMS/cmsy/m/n --> OMS/lmsy/m/n on input line 24.
LaTeX Font Info:    Overwriting symbol font `largesymbols' in version `normal'
(Font)                  OMX/cmex/m/n --> OMX/lmex/m/n on input line 25.
LaTeX Font Info:    Overwriting symbol font `operators' in version `bold'
(Font)                  OT1/cmr/bx/n --> OT1/lmr/bx/n on input line 26.
LaTeX Font Info:    Overwriting symbol font `letters' in version `bold'
(Font)                  OML/cmm/b/it --> OML/lmm/b/it on input line 27.
LaTeX Font Info:    Overwriting symbol font `symbols' in version `bold'
(Font)                  OMS/cmsy/b/n --> OMS/lmsy/b/n on input line 28.
LaTeX Font Info:    Overwriting symbol font `largesymbols' in version `bold'
(Font)                  OMX/cmex/m/n --> OMX/lmex/m/n on input line 29.
LaTeX Font Info:    Overwriting math alphabet `\mathbf' in version `normal'
(Font)                  OT1/cmr/bx/n --> OT1/lmr/bx/n on input line 31.
LaTeX Font Info:    Overwriting math alphabet `\mathsf' in version `normal'
(Font)                  OT1/cmss/m/n --> OT1/lmss/m/n on input line 32.
LaTeX Font Info:    Overwriting math alphabet `\mathit' in version `normal'
(Font)                  OT1/cmr/m/it --> OT1/lmr/m/it on input line 33.
LaTeX Font Info:    Overwriting math alphabet `\mathtt' in version `normal'
(Font)                  OT1/cmtt/m/n --> OT1/lmtt/m/n on input line 34.
LaTeX Font Info:    Overwriting math alphabet `\mathbf' in version `bold'
(Font)                  OT1/cmr/bx/n --> OT1/lmr/bx/n on input line 35.
LaTeX Font Info:    Overwriting math alphabet `\mathsf' in version `bold'
(Font)                  OT1/cmss/bx/n --> OT1/lmss/bx/n on input line 36.
LaTeX Font Info:    Overwriting math alphabet `\mathit' in version `bold'
(Font)                  OT1/cmr/bx/it --> OT1/lmr/bx/it on input line 37.
LaTeX Font Info:    Overwriting math alphabet `\mathtt' in version `bold'
(Font)                  OT1/cmtt/m/n --> OT1/lmtt/m/n on input line 38.
)
(/usr/share/texlive/texmf-dist/tex/latex/siunitx/siunitx.sty
(/usr/share/texlive/texmf-dist/tex/latex/l3kernel/expl3.sty
(/usr/share/texlive/texmf-dist/tex/latex/l3kernel/l3names.sty
(/usr/share/texlive/texmf-dist/tex/latex/l3kernel/l3bootstrap.sty
Package: l3bootstrap 2014/01/04 v4640 L3 Experimental bootstrap code
)
Package: l3names 2014/01/04 v4640 L3 Namespace for primitives
)
(/usr/share/texlive/texmf-dist/tex/latex/etex-pkg/etex.sty
Package: etex 1998/03/26 v2.0 eTeX basic definition package (PEB)
\et@xins=\count156
)
Package: expl3 2014/01/07 v4646 L3 Experimental code bundle wrapper

(/usr/share/texlive/texmf-dist/tex/latex/l3kernel/l3basics.sty
Package: l3basics 2014/01/04 v4642 L3 Basic definitions
)
(/usr/share/texlive/texmf-dist/tex/latex/l3kernel/l3expan.sty
Package: l3expan 2014/01/04 v4642 L3 Argument expansion
)
(/usr/share/texlive/texmf-dist/tex/latex/l3kernel/l3tl.sty
Package: l3tl 2013/12/27 v4625 L3 Token lists
)
(/usr/share/texlive/texmf-dist/tex/latex/l3kernel/l3seq.sty
Package: l3seq 2013/12/14 v4623 L3 Sequences and stacks
)
(/usr/share/texlive/texmf-dist/tex/latex/l3kernel/l3int.sty
Package: l3int 2013/08/02 v4583 L3 Integers
\c_max_int=\count157
\l_tmpa_int=\count158
\l_tmpb_int=\count159
\g_tmpa_int=\count160
\g_tmpb_int=\count161
)
(/usr/share/texlive/texmf-dist/tex/latex/l3kernel/l3quark.sty
Package: l3quark 2013/12/14 v4623 L3 Quarks
)
(/usr/share/texlive/texmf-dist/tex/latex/l3kernel/l3prg.sty
Package: l3prg 2014/01/04 v4642 L3 Control structures
\g__prg_map_int=\count162
)
(/usr/share/texlive/texmf-dist/tex/latex/l3kernel/l3clist.sty
Package: l3clist 2013/07/28 v4581 L3 Comma separated lists
)
(/usr/share/texlive/texmf-dist/tex/latex/l3kernel/l3token.sty
Package: l3token 2013/08/25 v4587 L3 Experimental token manipulation
)
(/usr/share/texlive/texmf-dist/tex/latex/l3kernel/l3prop.sty
Package: l3prop 2013/12/14 v4623 L3 Property lists
)
(/usr/share/texlive/texmf-dist/tex/latex/l3kernel/l3msg.sty
Package: l3msg 2013/07/28 v4581 L3 Messages
)
(/usr/share/texlive/texmf-dist/tex/latex/l3kernel/l3file.sty
Package: l3file 2013/10/13 v4596 L3 File and I/O operations
\l_iow_line_count_int=\count163
\l__iow_target_count_int=\count164
\l__iow_current_line_int=\count165
\l__iow_current_word_int=\count166
\l__iow_current_indentation_int=\count167
)
(/usr/share/texlive/texmf-dist/tex/latex/l3kernel/l3skip.sty
Package: l3skip 2013/07/28 v4581 L3 Dimensions and skips
\c_zero_dim=\dimen192
\c_max_dim=\dimen193
\l_tmpa_dim=\dimen194
\l_tmpb_dim=\dimen195
\g_tmpa_dim=\dimen196
\g_tmpb_dim=\dimen197
\c_zero_skip=\skip57
\c_max_skip=\skip58
\l_tmpa_skip=\skip59
\l_tmpb_skip=\skip60
\g_tmpa_skip=\skip61
\g_tmpb_skip=\skip62
\c_zero_muskip=\muskip12
\c_max_muskip=\muskip13
\l_tmpa_muskip=\muskip14
\l_tmpb_muskip=\muskip15
\g_tmpa_muskip=\muskip16
\g_tmpb_muskip=\muskip17
)
(/usr/share/texlive/texmf-dist/tex/latex/l3kernel/l3keys.sty
Package: l3keys 2013/12/08 v4614 L3 Experimental key-value interfaces
\g__keyval_level_int=\count168
\l_keys_choice_int=\count169
)
(/usr/share/texlive/texmf-dist/tex/latex/l3kernel/l3fp.sty
Package: l3fp 2014/01/04 v4642 L3 Floating points
\c__fp_leading_shift_int=\count170
\c__fp_middle_shift_int=\count171
\c__fp_trailing_shift_int=\count172
\c__fp_big_leading_shift_int=\count173
\c__fp_big_middle_shift_int=\count174
\c__fp_big_trailing_shift_int=\count175
\c__fp_Bigg_leading_shift_int=\count176
\c__fp_Bigg_middle_shift_int=\count177
\c__fp_Bigg_trailing_shift_int=\count178
)
(/usr/share/texlive/texmf-dist/tex/latex/l3kernel/l3box.sty
Package: l3box 2013/07/28 v4581 L3 Experimental boxes
\c_empty_box=\box53
\l_tmpa_box=\box54
\l_tmpb_box=\box55
\g_tmpa_box=\box56
\g_tmpb_box=\box57
)
(/usr/share/texlive/texmf-dist/tex/latex/l3kernel/l3coffins.sty
Package: l3coffins 2013/12/14 v4624 L3 Coffin code layer
\l__coffin_internal_box=\box58
\l__coffin_internal_dim=\dimen198
\l__coffin_offset_x_dim=\dimen199
\l__coffin_offset_y_dim=\dimen200
\l__coffin_x_dim=\dimen201
Normal \dimen register pool exhausted, switching to extended pool.
\l__coffin_y_dim=\dimen256
\l__coffin_x_prime_dim=\dimen257
\l__coffin_y_prime_dim=\dimen258
\c_empty_coffin=\box59
\l__coffin_aligned_coffin=\box60
\l__coffin_aligned_internal_coffin=\box61
\l_tmpa_coffin=\box62
\l_tmpb_coffin=\box63
\l__coffin_display_coffin=\box64
\l__coffin_display_coord_coffin=\box65
\l__coffin_display_pole_coffin=\box66
\l__coffin_display_offset_dim=\dimen259
\l__coffin_display_x_dim=\dimen260
\l__coffin_display_y_dim=\dimen261
)
(/usr/share/texlive/texmf-dist/tex/latex/l3kernel/l3color.sty
Package: l3color 2012/08/29 v4156 L3 Experimental color support
)
(/usr/share/texlive/texmf-dist/tex/latex/l3kernel/l3luatex.sty
Package: l3luatex 2013/07/28 v4581 L3 Experimental LuaTeX-specific functions
\g__cctab_allocate_int=\count179
\g__cctab_stack_int=\count180
)
(/usr/share/texlive/texmf-dist/tex/latex/l3kernel/l3candidates.sty
Package: l3candidates 2014/01/06 v4643 L3 Experimental additions to l3kernel
\l__box_top_dim=\dimen262
\l__box_bottom_dim=\dimen263
\l__box_left_dim=\dimen264
\l__box_right_dim=\dimen265
\l__box_top_new_dim=\dimen266
\l__box_bottom_new_dim=\dimen267
\l__box_left_new_dim=\dimen268
\l__box_right_new_dim=\dimen269
\l__box_internal_box=\box67
\l__coffin_bounding_shift_dim=\dimen270
\l__coffin_left_corner_dim=\dimen271
\l__coffin_right_corner_dim=\dimen272
\l__coffin_bottom_corner_dim=\dimen273
\l__coffin_top_corner_dim=\dimen274
\l__coffin_scaled_total_height_dim=\dimen275
\l__coffin_scaled_width_dim=\dimen276
))
(/usr/share/texlive/texmf-dist/tex/latex/l3packages/xparse/xparse.sty
Package: xparse 2013/12/31 v4634 L3 Experimental document command parser
\l__xparse_current_arg_int=\count181
\l__xparse_m_args_int=\count182
\l__xparse_mandatory_args_int=\count183
\l__xparse_processor_int=\count184
\l__xparse_v_nesting_int=\count185
)
Package: siunitx 2013/07/31 v2.5s A comprehensive (SI) units package

(/usr/share/texlive/texmf-dist/tex/latex/tools/array.sty
Package: array 2008/09/09 v2.4c Tabular extension package (FMi)
\col@sep=\dimen277
\extrarowheight=\dimen278
\NC@list=\toks40
\extratabsurround=\skip63
\backup@length=\skip64
)
(/usr/share/texlive/texmf-dist/tex/latex/l3packages/l3keys2e/l3keys2e.sty
Package: l3keys2e 2013/12/31 v4634 LaTeX2e option processing using LaTeX3 keys
)
Variant \tl_if_blank:VTF already defined; not changing it on line 50
\l__siunitx_tmp_box=\box68
\l__siunitx_tmp_dim=\dimen279
\l__siunitx_tmp_int=\count186
Variant \prop_get:NVNT already defined; not changing it on line 371
Variant \prop_get:NVNF already defined; not changing it on line 372
Variant \prop_get:NVNTF already defined; not changing it on line 373
\l__siunitx_number_mantissa_length_int=\count187
\l__siunitx_number_uncert_length_int=\count188
\l__siunitx_round_int=\count189
\l__siunitx_process_decimal_int=\count190
\l__siunitx_process_uncertainty_int=\count191
\l__siunitx_process_fixed_int=\count192
\l__siunitx_process_integer_min_int=\count193
\l__siunitx_process_precision_int=\count194
\l__siunitx_group_min_int=\count195
\l__siunitx_angle_marker_box=\box69
\l__siunitx_angle_unit_box=\box70
\l__siunitx_angle_marker_dim=\dimen280
\l__siunitx_angle_unit_dim=\dimen281
\l__siunitx_unit_int=\count196
\l__siunitx_unit_denominator_int=\count197
\l__siunitx_unit_numerator_int=\count198
\l__siunitx_unit_prefix_int=\count199
\l__siunitx_unit_prefix_base_int=\count200
\l__siunitx_unit_prefix_gram_int=\count201
Normal \count register pool exhausted, switching to extended pool.
\l__siunitx_number_product_int=\count277
\c__siunitx_one_fill_skip=\skip65
\l__siunitx_table_unit_align_skip=\skip66
\l__siunitx_table_exponent_dim=\dimen282
\l__siunitx_table_integer_dim=\dimen283
\l__siunitx_table_mantissa_dim=\dimen284
\l__siunitx_table_marker_dim=\dimen285
\l__siunitx_table_result_dim=\dimen286
\l__siunitx_table_uncert_dim=\dimen287
\l__siunitx_table_fill_pre_dim=\dimen288
\l__siunitx_table_fill_post_dim=\dimen289
\l__siunitx_table_fill_mid_dim=\dimen290
\l__siunitx_table_pre_box=\box71
\l__siunitx_table_post_box=\box72
\l__siunitx_table_mantissa_box=\box73
\l__siunitx_table_result_box=\box74
\l__siunitx_table_number_align_skip=\skip67
\l__siunitx_table_text_align_skip=\skip68
.................................................
. LaTeX info: "xparse/define-command"
. 
. Defining document command \DeclareBinaryPrefix with arg. spec. 'mmm' on line
. 7101.
.................................................
.................................................
. LaTeX info: "xparse/define-command"
. 
. Defining document command \DeclareSIPostPower with arg. spec. 'mm' on line
. 7104.
.................................................
.................................................
. LaTeX info: "xparse/define-command"
. 
. Defining document command \DeclareSIPrefix with arg. spec. 'mmm' on line
. 7107.
.................................................
.................................................
. LaTeX info: "xparse/define-command"
. 
. Defining document command \DeclareSIPrePower with arg. spec. 'mm' on line
. 7110.
.................................................
.................................................
. LaTeX info: "xparse/define-command"
. 
. Defining document command \DeclareSIQualifier with arg. spec. 'mm' on line
. 7113.
.................................................
.................................................
. LaTeX info: "xparse/define-command"
. 
. Defining document command \DeclareSIUnit with arg. spec. 'O{}mm' on line
. 7116.
.................................................
.................................................
. LaTeX info: "xparse/define-command"
. 
. Defining document command \DeclareSIUnitWithOptions with arg. spec. 'mmm' on
. line 7119.
.................................................
.................................................
. LaTeX info: "xparse/define-command"
. 
. Defining document command \ang with arg. spec. 'o>{\SplitArgument {2}{;}}m'
. on line 7134.
.................................................
.................................................
. LaTeX info: "xparse/define-command"
. 
. Defining document command \num with arg. spec. 'om' on line 7142.
.................................................
.................................................
. LaTeX info: "xparse/define-command"
. 
. Defining document command \numlist with arg. spec. 'o>{\SplitList {;}}m' on
. line 7150.
.................................................
.................................................
. LaTeX info: "xparse/define-command"
. 
. Defining document command \numrange with arg. spec. 'omm' on line 7158.
.................................................
.................................................
. LaTeX info: "xparse/define-command"
. 
. Defining document command \SIlist with arg. spec. 'o>{\SplitList {;}}mm' on
. line 7169.
.................................................
.................................................
. LaTeX info: "xparse/define-command"
. 
. Defining document command \SIrange with arg. spec. 'ommm' on line 7180.
.................................................
.................................................
. LaTeX info: "xparse/define-command"
. 
. Defining document command \SI with arg. spec. 'omom' on line 7191.
.................................................
.................................................
. LaTeX info: "xparse/define-command"
. 
. Defining document command \sisetup with arg. spec. 'm' on line 7194.
.................................................
.................................................
. LaTeX info: "xparse/define-command"
. 
. Defining document command \tablenum with arg. spec. 'om' on line 7206.
.................................................
.................................................
. LaTeX info: "xparse/define-command"
. 
. Defining document command \si with arg. spec. 'om' on line 7217.
.................................................
.................................................
. LaTeX info: "xparse/define-command"
. 
. Defining document command \__siunitx_bookmark_num:w with arg. spec. 'om' on
. line 7262.
.................................................
.................................................
. LaTeX info: "xparse/define-command"
. 
. Defining document command \__siunitx_bookmark_numrange:w with arg. spec.
. 'omm' on line 7264.
.................................................
.................................................
. LaTeX info: "xparse/define-command"
. 
. Defining document command \__siunitx_bookmark_SI:w with arg. spec. 'omom' on
. line 7266.
.................................................
.................................................
. LaTeX info: "xparse/define-command"
. 
. Defining document command \__siunitx_bookmark_SIlist:w with arg. spec. 'omm'
. on line 7268.
.................................................
.................................................
. LaTeX info: "xparse/define-command"
. 
. Defining document command \__siunitx_bookmark_SIrange:w with arg. spec.
. 'ommm' on line 7270.
.................................................
.................................................
. LaTeX info: "xparse/define-command"
. 
. Defining document command \__siunitx_bookmark_si:w with arg. spec. 'om' on
. line 7271.
.................................................
\g__file_internal_ior=\read2
)
(/usr/share/texlive/texmf-dist/tex/latex/mhchem/mhchem.sty
Package: mhchem 2014/02/01 v3.15 for typesetting chemical formulae

(/usr/share/texlive/texmf-dist/tex/latex/base/ifthen.sty
Package: ifthen 2001/05/26 v1.1c Standard LaTeX ifthen package (DPC)
)
(/usr/share/texlive/texmf-dist/tex/latex/tools/calc.sty
Package: calc 2007/08/22 v4.3 Infix arithmetic (KKT,FJ)
\calc@Acount=\count278
\calc@Bcount=\count279
\calc@Adimen=\dimen291
\calc@Bdimen=\dimen292
\calc@Askip=\skip69
\calc@Bskip=\skip70
LaTeX Info: Redefining \setlength on input line 76.
LaTeX Info: Redefining \addtolength on input line 77.
\calc@Ccount=\count280
\calc@Cskip=\skip71
)
(/usr/share/texlive/texmf-dist/tex/latex/oberdiek/twoopt.sty
Package: twoopt 2008/08/11 v1.5 Definitions with two optional arguments (HO)
)
\mhchem@ce@result=\toks41
\mhchem@ce@part=\toks42
\mhchem@arrow@deployType=\toks43
\mhchem@arrow@params=\toks44
\mhchem@arrowlength@pgf=\skip72
\mhchem@bondwidth=\skip73
\mhchem@bondheight=\skip74
\mhchem@smallbondwidth@tmpA=\skip75
\mhchem@smallbondwidth@tmpB=\skip76
\mhchem@smallbondwidth=\skip77
\__mhchem_option_version_int=\count281
\mhchem@prepostscript@tmp@i=\skip78
\mhchem@prepostscript@tmp@ii=\skip79
\mhchem@mathbox@tmp@i=\skip80
\mhchem@mathbox@tmp@ii=\skip81
\mhchem@minispace@tmp=\skip82
\mhchem@option@minussidebearingleft=\skip83
\mhchem@option@minussidebearingright=\skip84
)
(./presentation_2014_fall.aux)
\openout1 = `presentation_2014_fall.aux'.

LaTeX Font Info:    Checking defaults for OML/cmm/m/it on input line 22.
LaTeX Font Info:    ... okay on input line 22.
LaTeX Font Info:    Checking defaults for T1/cmr/m/n on input line 22.
LaTeX Font Info:    ... okay on input line 22.
LaTeX Font Info:    Checking defaults for OT1/cmr/m/n on input line 22.
LaTeX Font Info:    ... okay on input line 22.
LaTeX Font Info:    Checking defaults for OMS/cmsy/m/n on input line 22.
LaTeX Font Info:    ... okay on input line 22.
LaTeX Font Info:    Checking defaults for OMX/cmex/m/n on input line 22.
LaTeX Font Info:    ... okay on input line 22.
LaTeX Font Info:    Checking defaults for U/cmr/m/n on input line 22.
LaTeX Font Info:    ... okay on input line 22.
LaTeX Font Info:    Checking defaults for PD1/pdf/m/n on input line 22.
LaTeX Font Info:    ... okay on input line 22.
LaTeX Font Info:    Try loading font information for OT1+lmss on input line 22.

 (/usr/share/texmf/tex/latex/lm/ot1lmss.fd
File: ot1lmss.fd 2009/10/30 v1.6 Font defs for Latin Modern
)
*geometry* driver: auto-detecting
*geometry* detected driver: pdftex
*geometry* verbose mode - [ preamble ] result:
* driver: pdftex
* paper: custom
* layout: <same size as paper>
* layoutoffset:(h,v)=(0.0pt,0.0pt)
* modes: includehead includefoot 
* h-part:(L,W,R)=(28.45274pt, 307.28987pt, 28.45274pt)
* v-part:(T,H,B)=(0.0pt, 273.14662pt, 0.0pt)
* \paperwidth=364.19536pt
* \paperheight=273.14662pt
* \textwidth=307.28987pt
* \textheight=244.6939pt
* \oddsidemargin=-43.81725pt
* \evensidemargin=-43.81725pt
* \topmargin=-72.26999pt
* \headheight=14.22636pt
* \headsep=0.0pt
* \topskip=11.0pt
* \footskip=14.22636pt
* \marginparwidth=4.0pt
* \marginparsep=10.0pt
* \columnsep=10.0pt
* \skip\footins=10.0pt plus 4.0pt minus 2.0pt
* \hoffset=0.0pt
* \voffset=0.0pt
* \mag=1000
* \@twocolumnfalse
* \@twosidefalse
* \@mparswitchfalse
* \@reversemarginfalse
* (1in=72.27pt=25.4mm, 1cm=28.453pt)

(/usr/share/texlive/texmf-dist/tex/context/base/supp-pdf.mkii
[Loading MPS to PDF converter (version 2006.09.02).]
\scratchcounter=\count282
\scratchdimen=\dimen293
\scratchbox=\box75
\nofMPsegments=\count283
\nofMParguments=\count284
\everyMPshowfont=\toks45
\MPscratchCnt=\count285
\MPscratchDim=\dimen294
\MPnumerator=\count286
\makeMPintoPDFobject=\count287
\everyMPtoPDFconversion=\toks46
) ABD: EveryShipout initializing macros
\AtBeginShipoutBox=\box76
Package hyperref Info: Link coloring OFF on input line 22.

(/usr/share/texlive/texmf-dist/tex/latex/hyperref/nameref.sty
Package: nameref 2012/10/27 v2.43 Cross-referencing by name of section

(/usr/share/texlive/texmf-dist/tex/generic/oberdiek/gettitlestring.sty
Package: gettitlestring 2010/12/03 v1.4 Cleanup title references (HO)
)
\c@section@level=\count288
)
LaTeX Info: Redefining \ref on input line 22.
LaTeX Info: Redefining \pageref on input line 22.
LaTeX Info: Redefining \nameref on input line 22.

(./presentation_2014_fall.out) (./presentation_2014_fall.out)
\@outlinefile=\write5
\openout5 = `presentation_2014_fall.out'.

LaTeX Font Info:    Overwriting symbol font `operators' in version `normal'
(Font)                  OT1/lmr/m/n --> OT1/cmss/m/n on input line 22.
LaTeX Font Info:    Overwriting symbol font `operators' in version `bold'
(Font)                  OT1/lmr/bx/n --> OT1/cmss/bx/n on input line 22.
\symnumbers=\mathgroup6
\sympureletters=\mathgroup7
LaTeX Font Info:    Overwriting math alphabet `\mathrm' in version `normal'
(Font)                  OT1/cmss/m/n --> OT1/lmr/m/n on input line 22.
LaTeX Font Info:    Redeclaring math alphabet \mathbf on input line 22.
LaTeX Font Info:    Overwriting math alphabet `\mathbf' in version `normal'
(Font)                  OT1/lmr/bx/n --> OT1/lmss/bx/n on input line 22.
LaTeX Font Info:    Overwriting math alphabet `\mathbf' in version `bold'
(Font)                  OT1/lmr/bx/n --> OT1/lmss/bx/n on input line 22.
LaTeX Font Info:    Redeclaring math alphabet \mathsf on input line 22.
LaTeX Font Info:    Overwriting math alphabet `\mathsf' in version `normal'
(Font)                  OT1/lmss/m/n --> OT1/lmss/m/n on input line 22.
LaTeX Font Info:    Overwriting math alphabet `\mathsf' in version `bold'
(Font)                  OT1/lmss/bx/n --> OT1/lmss/m/n on input line 22.
LaTeX Font Info:    Redeclaring math alphabet \mathit on input line 22.
LaTeX Font Info:    Overwriting math alphabet `\mathit' in version `normal'
(Font)                  OT1/lmr/m/it --> OT1/lmss/m/it on input line 22.
LaTeX Font Info:    Overwriting math alphabet `\mathit' in version `bold'
(Font)                  OT1/lmr/bx/it --> OT1/lmss/m/it on input line 22.
LaTeX Font Info:    Redeclaring math alphabet \mathtt on input line 22.
LaTeX Font Info:    Overwriting math alphabet `\mathtt' in version `normal'
(Font)                  OT1/lmtt/m/n --> OT1/lmtt/m/n on input line 22.
LaTeX Font Info:    Overwriting math alphabet `\mathtt' in version `bold'
(Font)                  OT1/lmtt/m/n --> OT1/lmtt/m/n on input line 22.
LaTeX Font Info:    Overwriting symbol font `numbers' in version `bold'
(Font)                  OT1/lmss/m/n --> OT1/lmss/bx/n on input line 22.
LaTeX Font Info:    Overwriting symbol font `pureletters' in version `bold'
(Font)                  OT1/lmss/m/it --> OT1/lmss/bx/it on input line 22.
LaTeX Font Info:    Overwriting math alphabet `\mathrm' in version `bold'
(Font)                  OT1/cmss/bx/n --> OT1/lmr/bx/n on input line 22.
LaTeX Font Info:    Overwriting math alphabet `\mathbf' in version `bold'
(Font)                  OT1/lmss/bx/n --> OT1/lmss/bx/n on input line 22.
LaTeX Font Info:    Overwriting math alphabet `\mathsf' in version `bold'
(Font)                  OT1/lmss/m/n --> OT1/lmss/bx/n on input line 22.
LaTeX Font Info:    Overwriting math alphabet `\mathit' in version `bold'
(Font)                  OT1/lmss/m/it --> OT1/lmss/bx/it on input line 22.
LaTeX Font Info:    Overwriting math alphabet `\mathtt' in version `bold'
(Font)                  OT1/lmtt/m/n --> OT1/lmtt/bx/n on input line 22.

(/usr/share/texmf/tex/latex/beamer/base/translator/dicts/translator-basic-dicti
onary/translator-basic-dictionary-English.dict
Dictionary: translator-basic-dictionary, Language: English 
)
(/usr/share/texmf/tex/latex/beamer/base/translator/dicts/translator-bibliograph
y-dictionary/translator-bibliography-dictionary-English.dict
Dictionary: translator-bibliography-dictionary, Language: English 
)
(/usr/share/texmf/tex/latex/beamer/base/translator/dicts/translator-environment
-dictionary/translator-environment-dictionary-English.dict
Dictionary: translator-environment-dictionary, Language: English 
)
(/usr/share/texmf/tex/latex/beamer/base/translator/dicts/translator-months-dict
ionary/translator-months-dictionary-English.dict
Dictionary: translator-months-dictionary, Language: English 
)
(/usr/share/texmf/tex/latex/beamer/base/translator/dicts/translator-numbers-dic
tionary/translator-numbers-dictionary-English.dict
Dictionary: translator-numbers-dictionary, Language: English 
)
(/usr/share/texmf/tex/latex/beamer/base/translator/dicts/translator-theorem-dic
tionary/translator-theorem-dictionary-English.dict
Dictionary: translator-theorem-dictionary, Language: English 
)
LaTeX Info: Redefining \includegraphics on input line 22.
Package caption Info: Begin \AtBeginDocument code.
Package caption Info: End \AtBeginDocument code.

(/usr/share/texlive/texmf-dist/tex/latex/siunitx/config/siunitx-abbreviations.c
fg
File: siunitx-abbreviations.cfg 2013/07/31 v2.5s siunitx: Abbreviated units
) (./presentation_2014_fall.nav)
\c__siunitx_mathsf_int=\count289
LaTeX Font Info:    Try loading font information for OML+lmm on input line 22.
 (/usr/share/texmf/tex/latex/lm/omllmm.fd
File: omllmm.fd 2009/10/30 v1.6 Font defs for Latin Modern
)
LaTeX Font Info:    Try loading font information for OMS+lmsy on input line 22.


(/usr/share/texmf/tex/latex/lm/omslmsy.fd
File: omslmsy.fd 2009/10/30 v1.6 Font defs for Latin Modern
)
LaTeX Font Info:    Try loading font information for OMX+lmex on input line 22.


(/usr/share/texmf/tex/latex/lm/omxlmex.fd
File: omxlmex.fd 2009/10/30 v1.6 Font defs for Latin Modern
)
LaTeX Font Info:    External font `lmex10' loaded for size
(Font)              <10.95> on input line 22.
LaTeX Font Info:    External font `lmex10' loaded for size
(Font)              <8> on input line 22.
LaTeX Font Info:    External font `lmex10' loaded for size
(Font)              <6> on input line 22.
LaTeX Font Info:    Try loading font information for U+msa on input line 22.

(/usr/share/texlive/texmf-dist/tex/latex/amsfonts/umsa.fd
File: umsa.fd 2013/01/14 v3.01 AMS symbols A
)
LaTeX Font Info:    Try loading font information for U+msb on input line 22.

(/usr/share/texlive/texmf-dist/tex/latex/amsfonts/umsb.fd
File: umsb.fd 2013/01/14 v3.01 AMS symbols B
)
LaTeX Font Info:    Font shape `OT1/lmss/m/it' in size <10.95> not available
(Font)              Font shape `OT1/lmss/m/sl' tried instead on input line 22.
LaTeX Font Info:    Font shape `OT1/lmss/m/it' in size <8> not available
(Font)              Font shape `OT1/lmss/m/sl' tried instead on input line 22.
LaTeX Font Info:    Font shape `OT1/lmss/m/it' in size <6> not available
(Font)              Font shape `OT1/lmss/m/sl' tried instead on input line 22.
\c__siunitx_mathtt_int=\count290
LaTeX Font Info:    Try loading font information for OT1+lmtt on input line 22.


(/usr/share/texmf/tex/latex/lm/ot1lmtt.fd
File: ot1lmtt.fd 2009/10/30 v1.6 Font defs for Latin Modern
) [1

{/var/lib/texmf/fonts/map/pdftex/updmap/pdftex.map}] [2

]
LaTeX Font Info:    External font `lmex10' loaded for size
(Font)              <5> on input line 48.
LaTeX Font Info:    Font shape `OT1/lmss/m/it' in size <5> not available
(Font)              Font shape `OT1/lmss/m/sl' tried instead on input line 48.
LaTeX Font Info:    External font `lmex10' loaded for size
(Font)              <10> on input line 48.
LaTeX Font Info:    External font `lmex10' loaded for size
(Font)              <7> on input line 48.
LaTeX Font Info:    Font shape `OT1/lmss/m/it' in size <10> not available
(Font)              Font shape `OT1/lmss/m/sl' tried instead on input line 48.
LaTeX Font Info:    Font shape `OT1/lmss/m/it' in size <7> not available
(Font)              Font shape `OT1/lmss/m/sl' tried instead on input line 48.
LaTeX Font Info:    External font `lmex10' loaded for size
(Font)              <14.4> on input line 48.
LaTeX Font Info:    Font shape `OT1/lmss/m/it' in size <14.4> not available
(Font)              Font shape `OT1/lmss/m/sl' tried instead on input line 48.
 [3

]
<figures/tree_run005001_cherenID_dQdx.pdf, id=109, 569.12625pt x 385.44pt>
File: figures/tree_run005001_cherenID_dQdx.pdf Graphic file (type pdf)

<use figures/tree_run005001_cherenID_dQdx.pdf>
Package pdftex.def Info: figures/tree_run005001_cherenID_dQdx.pdf used on input
 line 66.
(pdftex.def)             Requested size: 153.64493pt x 104.05843pt.

<figures/tree_run005001_scintID_dQdx.pdf, id=110, 569.12625pt x 385.44pt>
File: figures/tree_run005001_scintID_dQdx.pdf Graphic file (type pdf)

<use figures/tree_run005001_scintID_dQdx.pdf>
Package pdftex.def Info: figures/tree_run005001_scintID_dQdx.pdf used on input 
line 66.
(pdftex.def)             Requested size: 153.64493pt x 104.05843pt.
 [4

 <./figures/tree_run005001_cherenID_dQdx.pdf, page is rotated 90 degrees> <./fi
gures/tree_run005001_scintID_dQdx.pdf, page is rotated 90 degrees>]
<figures/muStoppingPower_1to100GeV.pdf, id=224, 569.12625pt x 385.44pt>
File: figures/muStoppingPower_1to100GeV.pdf Graphic file (type pdf)

<use figures/muStoppingPower_1to100GeV.pdf>
Package pdftex.def Info: figures/muStoppingPower_1to100GeV.pdf used on input li
ne 78.
(pdftex.def)             Requested size: 307.28987pt x 208.12273pt.

Overfull \vbox (8.8496pt too high) detected at line 78
 []

[5

 <./figures/muStoppingPower_1to100GeV.pdf, page is rotated 90 degrees>]
Overfull \hbox (8.10454pt too wide) in paragraph at lines 95--95
 []|[]| 
 []

<figures/scint17_allRuns.pdf, id=294, 569.12625pt x 385.44pt>
File: figures/scint17_allRuns.pdf Graphic file (type pdf)

<use figures/scint17_allRuns.pdf>
Package pdftex.def Info: figures/scint17_allRuns.pdf used on input line 95.
(pdftex.def)             Requested size: 138.2795pt x 93.64847pt.

<figures/scintID_allRuns.pdf, id=295, 569.12625pt x 385.44pt>
File: figures/scintID_allRuns.pdf Graphic file (type pdf)

<use figures/scintID_allRuns.pdf>
Package pdftex.def Info: figures/scintID_allRuns.pdf used on input line 95.
(pdftex.def)             Requested size: 138.2795pt x 93.64847pt.

Overfull \hbox (8.10454pt too wide) in paragraph at lines 95--95
 []|[]| 
 []

<figures/cheren17_allRuns.pdf, id=296, 569.12625pt x 385.44pt>
File: figures/cheren17_allRuns.pdf Graphic file (type pdf)

<use figures/cheren17_allRuns.pdf>
Package pdftex.def Info: figures/cheren17_allRuns.pdf used on input line 95.
(pdftex.def)             Requested size: 138.2795pt x 93.64847pt.

<figures/cherenID_allRuns.pdf, id=297, 569.12625pt x 385.44pt>
File: figures/cherenID_allRuns.pdf Graphic file (type pdf)

<use figures/cherenID_allRuns.pdf>
Package pdftex.def Info: figures/cherenID_allRuns.pdf used on input line 95.
(pdftex.def)             Requested size: 138.2795pt x 93.64847pt.

Overfull \hbox (9.71454pt too wide) in paragraph at lines 95--95
[][]  
 []

[6

 <./figures/scint17_allRuns.pdf, page is rotated 90 degrees> <./figures/scintID
_allRuns.pdf, page is rotated 90 degrees> <./figures/cheren17_allRuns.pdf, page
 is rotated 90 degrees> <./figures/cherenID_allRuns.pdf, page is rotated 90 deg
rees>] <figures/scint17_fromGvf_allRuns.pdf, id=495, 569.12625pt x 385.44pt>
File: figures/scint17_fromGvf_allRuns.pdf Graphic file (type pdf)

<use figures/scint17_fromGvf_allRuns.pdf>
Package pdftex.def Info: figures/scint17_fromGvf_allRuns.pdf used on input line
 107.
(pdftex.def)             Requested size: 153.64493pt x 104.05843pt.

<figures/scintID_fromGvf_allRuns.pdf, id=496, 569.12625pt x 385.44pt>
File: figures/scintID_fromGvf_allRuns.pdf Graphic file (type pdf)

<use figures/scintID_fromGvf_allRuns.pdf>
Package pdftex.def Info: figures/scintID_fromGvf_allRuns.pdf used on input line
 107.
(pdftex.def)             Requested size: 153.64493pt x 104.05843pt.
 [7

 <./figures/scint17_fromGvf_allRuns.pdf, page is rotated 90 degrees> <./figures
/scintID_fromGvf_allRuns.pdf, page is rotated 90 degrees>] [8

]
Package epstopdf Info: Source file: <figures/analyzed_rtq_atm_muon_run005000_ba
dnessMax20_agreementWithMuonFitter.eps>
(epstopdf)                    date: 2014-03-11 20:11:22
(epstopdf)                    size: 10556 bytes
(epstopdf)             Output file: <figures/analyzed_rtq_atm_muon_run005000_ba
dnessMax20_agreementWithMuonFitter-eps-converted-to.pdf>
(epstopdf)                    date: 2014-08-30 18:08:19
(epstopdf)                    size: 7489 bytes
(epstopdf)             Command: <repstopdf --outfile=figures/analyzed_rtq_atm_m
uon_run005000_badnessMax20_agreementWithMuonFitter-eps-converted-to.pdf figures
/analyzed_rtq_atm_muon_run005000_badnessMax20_agreementWithMuonFitter.eps>
(epstopdf)             \includegraphics on input line 130.
Package epstopdf Info: Output file is already uptodate.

<figures/analyzed_rtq_atm_muon_run005000_badnessMax20_agreementWithMuonFitter-e
ps-converted-to.pdf, id=635, 569.12625pt x 385.44pt>
File: figures/analyzed_rtq_atm_muon_run005000_badnessMax20_agreementWithMuonFit
ter-eps-converted-to.pdf Graphic file (type pdf)

<use figures/analyzed_rtq_atm_muon_run005000_badnessMax20_agreementWithMuonFitt
er-eps-converted-to.pdf>
Package pdftex.def Info: figures/analyzed_rtq_atm_muon_run005000_badnessMax20_a
greementWithMuonFitter-eps-converted-to.pdf used on input line 130.
(pdftex.def)             Requested size: 117.51518pt x 79.5862pt.
Package epstopdf Info: Source file: <figures/analyzed_rtq_atm_muon_run005000_ba
dnessMax20_noEarlyNorLateHits_agreementWithMuonFitter.eps>
(epstopdf)                    date: 2014-03-11 20:11:10
(epstopdf)                    size: 10295 bytes
(epstopdf)             Output file: <figures/analyzed_rtq_atm_muon_run005000_ba
dnessMax20_noEarlyNorLateHits_agreementWithMuonFitter-eps-converted-to.pdf>
(epstopdf)                    date: 2014-08-30 18:08:21
(epstopdf)                    size: 7165 bytes
(epstopdf)             Command: <repstopdf --outfile=figures/analyzed_rtq_atm_m
uon_run005000_badnessMax20_noEarlyNorLateHits_agreementWithMuonFitter-eps-conve
rted-to.pdf figures/analyzed_rtq_atm_muon_run005000_badnessMax20_noEarlyNorLate
Hits_agreementWithMuonFitter.eps>
(epstopdf)             \includegraphics on input line 130.
Package epstopdf Info: Output file is already uptodate.

<figures/analyzed_rtq_atm_muon_run005000_badnessMax20_noEarlyNorLateHits_agreem
entWithMuonFitter-eps-converted-to.pdf, id=636, 569.12625pt x 385.44pt>
File: figures/analyzed_rtq_atm_muon_run005000_badnessMax20_noEarlyNorLateHits_a
greementWithMuonFitter-eps-converted-to.pdf Graphic file (type pdf)

<use figures/analyzed_rtq_atm_muon_run005000_badnessMax20_noEarlyNorLateHits_ag
reementWithMuonFitter-eps-converted-to.pdf>
Package pdftex.def Info: figures/analyzed_rtq_atm_muon_run005000_badnessMax20_n
oEarlyNorLateHits_agreementWithMuonFitter-eps-converted-to.pdf used on input li
ne 130.
(pdftex.def)             Requested size: 117.51518pt x 79.5862pt.
 [9

 <./figures/analyzed_rtq_atm_muon_run005000_badnessMax20_agreementWithMuonFitte
r-eps-converted-to.pdf> <./figures/analyzed_rtq_atm_muon_run005000_badnessMax20
_noEarlyNorLateHits_agreementWithMuonFitter-eps-converted-to.pdf>]
<figures/pmt_angle_wrt_muon.png, id=672, 415.151pt x 388.652pt>
File: figures/pmt_angle_wrt_muon.png Graphic file (type png)

<use figures/pmt_angle_wrt_muon.png>
Package pdftex.def Info: figures/pmt_angle_wrt_muon.png used on input line 145.

(pdftex.def)             Requested size: 138.2795pt x 129.45348pt.

<figures/analyzed_rtq_run005000_hitTimePositions_0prepulseCutPassAt3SigOfNeighb
ors.pdf, id=674, 569.12625pt x 385.44pt>
File: figures/analyzed_rtq_run005000_hitTimePositions_0prepulseCutPassAt3SigOfN
eighbors.pdf Graphic file (type pdf)

<use figures/analyzed_rtq_run005000_hitTimePositions_0prepulseCutPassAt3SigOfNe
ighbors.pdf>
Package pdftex.def Info: figures/analyzed_rtq_run005000_hitTimePositions_0prepu
lseCutPassAt3SigOfNeighbors.pdf used on input line 145.
(pdftex.def)             Requested size: 138.2795pt x 93.64847pt.
 [10

 <./figures/pmt_angle_wrt_muon.png> <./figures/analyzed_rtq_run005000_hitTimePo
sitions_0prepulseCutPassAt3SigOfNeighbors.pdf, page is rotated 90 degrees>] [11

] <figures/prepulse.png, id=770, 327.624pt x 290.686pt>
File: figures/prepulse.png Graphic file (type png)

<use figures/prepulse.png>
Package pdftex.def Info: figures/prepulse.png used on input line 173.
(pdftex.def)             Requested size: 132.44702pt x 117.51518pt.
 [12

 <./figures/prepulse.png>]
<figures/analyzed_rtq_atm_mu_run005000_test_hitTimePositions_includeEarlyLateHi
ts.pdf, id=799, 569.12625pt x 385.44pt>
File: figures/analyzed_rtq_atm_mu_run005000_test_hitTimePositions_includeEarlyL
ateHits.pdf Graphic file (type pdf)

<use figures/analyzed_rtq_atm_mu_run005000_test_hitTimePositions_includeEarlyLa
teHits.pdf>
Package pdftex.def Info: figures/analyzed_rtq_atm_mu_run005000_test_hitTimePosi
tions_includeEarlyLateHits.pdf used on input line 186.
(pdftex.def)             Requested size: 153.64493pt x 104.05843pt.

<figures/analyzed_rtq_atm_mu_run005000_multiPulse_test_hitTimePositions_include
EarlyLateHits.pdf, id=800, 569.12625pt x 385.44pt>
File: figures/analyzed_rtq_atm_mu_run005000_multiPulse_test_hitTimePositions_in
cludeEarlyLateHits.pdf Graphic file (type pdf)

<use figures/analyzed_rtq_atm_mu_run005000_multiPulse_test_hitTimePositions_inc
ludeEarlyLateHits.pdf>
Package pdftex.def Info: figures/analyzed_rtq_atm_mu_run005000_multiPulse_test_
hitTimePositions_includeEarlyLateHits.pdf used on input line 186.
(pdftex.def)             Requested size: 153.64493pt x 104.05843pt.
LaTeX Font Info:    External font `lmex10' loaded for size
(Font)              <9> on input line 186.
LaTeX Font Info:    Font shape `OT1/lmss/m/it' in size <9> not available
(Font)              Font shape `OT1/lmss/m/sl' tried instead on input line 186.

 [13

 <./figures/analyzed_rtq_atm_mu_run005000_test_hitTimePositions_includeEarlyLat
eHits.pdf, page is rotated 90 degrees> <./figures/analyzed_rtq_atm_mu_run005000
_multiPulse_test_hitTimePositions_includeEarlyLateHits.pdf, page is rotated 90 
degrees>] [14

]
<figures/analyzed_rtq_run005000_agreementWithMuonFitter_t0Peak_prepulseCut1_0_0
5maxQThres_1000evts.pdf, id=940, 569.12625pt x 385.44pt>
File: figures/analyzed_rtq_run005000_agreementWithMuonFitter_t0Peak_prepulseCut
1_0_05maxQThres_1000evts.pdf Graphic file (type pdf)

<use figures/analyzed_rtq_run005000_agreementWithMuonFitter_t0Peak_prepulseCut1
_0_05maxQThres_1000evts.pdf>
Package pdftex.def Info: figures/analyzed_rtq_run005000_agreementWithMuonFitter
_t0Peak_prepulseCut1_0_05maxQThres_1000evts.pdf used on input line 205.
(pdftex.def)             Requested size: 307.28987pt x 208.12273pt.

Overfull \vbox (0.17877pt too high) detected at line 205
 []

[15

 <./figures/analyzed_rtq_run005000_agreementWithMuonFitter_t0Peak_prepulseCut1_
0_05maxQThres_1000evts.pdf, page is rotated 90 degrees>] [16

]
Package epstopdf Info: Source file: <figures/analyzed_mtq_flatSpectrum_nue_H1_o
uterBufferFillAll_reconDirAgreementWithMtqTruthVectorVSEnergy_onlyCC.eps>
(epstopdf)                    date: 2014-08-30 20:42:42
(epstopdf)                    size: 276383 bytes
(epstopdf)             Output file: <figures/analyzed_mtq_flatSpectrum_nue_H1_o
uterBufferFillAll_reconDirAgreementWithMtqTruthVectorVSEnergy_onlyCC-eps-conver
ted-to.pdf>
(epstopdf)                    date: 2014-08-30 20:48:35
(epstopdf)                    size: 33437 bytes
(epstopdf)             Command: <repstopdf --outfile=figures/analyzed_mtq_flatS
pectrum_nue_H1_outerBufferFillAll_reconDirAgreementWithMtqTruthVectorVSEnergy_o
nlyCC-eps-converted-to.pdf figures/analyzed_mtq_flatSpectrum_nue_H1_outerBuffer
FillAll_reconDirAgreementWithMtqTruthVectorVSEnergy_onlyCC.eps>
(epstopdf)             \includegraphics on input line 235.
Package epstopdf Info: Output file is already uptodate.

<figures/analyzed_mtq_flatSpectrum_nue_H1_outerBufferFillAll_reconDirAgreementW
ithMtqTruthVectorVSEnergy_onlyCC-eps-converted-to.pdf, id=1036, 569.12625pt x 5
46.04pt>
File: figures/analyzed_mtq_flatSpectrum_nue_H1_outerBufferFillAll_reconDirAgree
mentWithMtqTruthVectorVSEnergy_onlyCC-eps-converted-to.pdf Graphic file (type p
df)

<use figures/analyzed_mtq_flatSpectrum_nue_H1_outerBufferFillAll_reconDirAgreem
entWithMtqTruthVectorVSEnergy_onlyCC-eps-converted-to.pdf>
Package pdftex.def Info: figures/analyzed_mtq_flatSpectrum_nue_H1_outerBufferFi
llAll_reconDirAgreementWithMtqTruthVectorVSEnergy_onlyCC-eps-converted-to.pdf u
sed on input line 235.
(pdftex.def)             Requested size: 153.64493pt x 147.4161pt.
Package epstopdf Info: Source file: <figures/analyzed_mtq_flatSpectrum_nue_C12_
outerBufferFillAll_reconDirAgreementWithMtqTruthVectorVSEnergy_onlyCC.eps>
(epstopdf)                    date: 2014-08-30 20:43:01
(epstopdf)                    size: 305187 bytes
(epstopdf)             Output file: <figures/analyzed_mtq_flatSpectrum_nue_C12_
outerBufferFillAll_reconDirAgreementWithMtqTruthVectorVSEnergy_onlyCC-eps-conve
rted-to.pdf>
(epstopdf)                    date: 2014-08-30 20:48:38
(epstopdf)                    size: 36312 bytes
(epstopdf)             Command: <repstopdf --outfile=figures/analyzed_mtq_flatS
pectrum_nue_C12_outerBufferFillAll_reconDirAgreementWithMtqTruthVectorVSEnergy_
onlyCC-eps-converted-to.pdf figures/analyzed_mtq_flatSpectrum_nue_C12_outerBuff
erFillAll_reconDirAgreementWithMtqTruthVectorVSEnergy_onlyCC.eps>
(epstopdf)             \includegraphics on input line 235.
Package epstopdf Info: Output file is already uptodate.

<figures/analyzed_mtq_flatSpectrum_nue_C12_outerBufferFillAll_reconDirAgreement
WithMtqTruthVectorVSEnergy_onlyCC-eps-converted-to.pdf, id=1037, 569.12625pt x 
546.04pt>
File: figures/analyzed_mtq_flatSpectrum_nue_C12_outerBufferFillAll_reconDirAgre
ementWithMtqTruthVectorVSEnergy_onlyCC-eps-converted-to.pdf Graphic file (type 
pdf)

<use figures/analyzed_mtq_flatSpectrum_nue_C12_outerBufferFillAll_reconDirAgree
mentWithMtqTruthVectorVSEnergy_onlyCC-eps-converted-to.pdf>
Package pdftex.def Info: figures/analyzed_mtq_flatSpectrum_nue_C12_outerBufferF
illAll_reconDirAgreementWithMtqTruthVectorVSEnergy_onlyCC-eps-converted-to.pdf 
used on input line 235.
(pdftex.def)             Requested size: 153.64493pt x 147.4161pt.
 [17

 <./figures/analyzed_mtq_flatSpectrum_nue_H1_outerBufferFillAll_reconDirAgreeme
ntWithMtqTruthVectorVSEnergy_onlyCC-eps-converted-to.pdf> <./figures/analyzed_m
tq_flatSpectrum_nue_C12_outerBufferFillAll_reconDirAgreementWithMtqTruthVectorV
SEnergy_onlyCC-eps-converted-to.pdf>]
Package epstopdf Info: Source file: <figures/analyzed_mtq_flatSpectrum_nue_H1_o
uterBufferFillAll_reconDirAgreementWithMtqTruthVectorVSEnergy_onlyCC_maxR600cm.
eps>
(epstopdf)                    date: 2014-08-30 20:42:42
(epstopdf)                    size: 150165 bytes
(epstopdf)             Output file: <figures/analyzed_mtq_flatSpectrum_nue_H1_o
uterBufferFillAll_reconDirAgreementWithMtqTruthVectorVSEnergy_onlyCC_maxR600cm-
eps-converted-to.pdf>
(epstopdf)                    date: 2014-08-30 20:49:14
(epstopdf)                    size: 22188 bytes
(epstopdf)             Command: <repstopdf --outfile=figures/analyzed_mtq_flatS
pectrum_nue_H1_outerBufferFillAll_reconDirAgreementWithMtqTruthVectorVSEnergy_o
nlyCC_maxR600cm-eps-converted-to.pdf figures/analyzed_mtq_flatSpectrum_nue_H1_o
uterBufferFillAll_reconDirAgreementWithMtqTruthVectorVSEnergy_onlyCC_maxR600cm.
eps>
(epstopdf)             \includegraphics on input line 250.
Package epstopdf Info: Output file is already uptodate.

<figures/analyzed_mtq_flatSpectrum_nue_H1_outerBufferFillAll_reconDirAgreementW
ithMtqTruthVectorVSEnergy_onlyCC_maxR600cm-eps-converted-to.pdf, id=1073, 569.1
2625pt x 546.04pt>
File: figures/analyzed_mtq_flatSpectrum_nue_H1_outerBufferFillAll_reconDirAgree
mentWithMtqTruthVectorVSEnergy_onlyCC_maxR600cm-eps-converted-to.pdf Graphic fi
le (type pdf)

<use figures/analyzed_mtq_flatSpectrum_nue_H1_outerBufferFillAll_reconDirAgreem
entWithMtqTruthVectorVSEnergy_onlyCC_maxR600cm-eps-converted-to.pdf>
Package pdftex.def Info: figures/analyzed_mtq_flatSpectrum_nue_H1_outerBufferFi
llAll_reconDirAgreementWithMtqTruthVectorVSEnergy_onlyCC_maxR600cm-eps-converte
d-to.pdf used on input line 250.
(pdftex.def)             Requested size: 153.64493pt x 147.4161pt.
Package epstopdf Info: Source file: <figures/analyzed_mtq_flatSpectrum_nue_C12_
outerBufferFillAll_reconDirAgreementWithMtqTruthVectorVSEnergy_onlyCC_maxR600cm
.eps>
(epstopdf)                    date: 2014-08-30 20:43:01
(epstopdf)                    size: 179093 bytes
(epstopdf)             Output file: <figures/analyzed_mtq_flatSpectrum_nue_C12_
outerBufferFillAll_reconDirAgreementWithMtqTruthVectorVSEnergy_onlyCC_maxR600cm
-eps-converted-to.pdf>
(epstopdf)                    date: 2014-08-30 20:49:16
(epstopdf)                    size: 24891 bytes
(epstopdf)             Command: <repstopdf --outfile=figures/analyzed_mtq_flatS
pectrum_nue_C12_outerBufferFillAll_reconDirAgreementWithMtqTruthVectorVSEnergy_
onlyCC_maxR600cm-eps-converted-to.pdf figures/analyzed_mtq_flatSpectrum_nue_C12
_outerBufferFillAll_reconDirAgreementWithMtqTruthVectorVSEnergy_onlyCC_maxR600c
m.eps>
(epstopdf)             \includegraphics on input line 250.
Package epstopdf Info: Output file is already uptodate.

<figures/analyzed_mtq_flatSpectrum_nue_C12_outerBufferFillAll_reconDirAgreement
WithMtqTruthVectorVSEnergy_onlyCC_maxR600cm-eps-converted-to.pdf, id=1074, 569.
12625pt x 546.04pt>
File: figures/analyzed_mtq_flatSpectrum_nue_C12_outerBufferFillAll_reconDirAgre
ementWithMtqTruthVectorVSEnergy_onlyCC_maxR600cm-eps-converted-to.pdf Graphic f
ile (type pdf)

<use figures/analyzed_mtq_flatSpectrum_nue_C12_outerBufferFillAll_reconDirAgree
mentWithMtqTruthVectorVSEnergy_onlyCC_maxR600cm-eps-converted-to.pdf>
Package pdftex.def Info: figures/analyzed_mtq_flatSpectrum_nue_C12_outerBufferF
illAll_reconDirAgreementWithMtqTruthVectorVSEnergy_onlyCC_maxR600cm-eps-convert
ed-to.pdf used on input line 250.
(pdftex.def)             Requested size: 153.64493pt x 147.4161pt.
 [18

 <./figures/analyzed_mtq_flatSpectrum_nue_H1_outerBufferFillAll_reconDirAgreeme
ntWithMtqTruthVectorVSEnergy_onlyCC_maxR600cm-eps-converted-to.pdf> <./figures/
analyzed_mtq_flatSpectrum_nue_C12_outerBufferFillAll_reconDirAgreementWithMtqTr
uthVectorVSEnergy_onlyCC_maxR600cm-eps-converted-to.pdf>] [19

]
<figures/track_length_definition.png, id=1139, 408.727pt x 242.506pt>
File: figures/track_length_definition.png Graphic file (type png)

<use figures/track_length_definition.png>
Package pdftex.def Info: figures/track_length_definition.png used on input line
 273.
(pdftex.def)             Requested size: 88.02426pt x 52.22852pt.
Package epstopdf Info: Source file: <figures/nue_H1_distBetweenPrimaryStartEndP
oints_onlyCC_maxR600cm.eps>
(epstopdf)                    date: 2014-08-30 20:44:00
(epstopdf)                    size: 210286 bytes
(epstopdf)             Output file: <figures/nue_H1_distBetweenPrimaryStartEndP
oints_onlyCC_maxR600cm-eps-converted-to.pdf>
(epstopdf)                    date: 2014-08-30 20:49:19
(epstopdf)                    size: 31144 bytes
(epstopdf)             Command: <repstopdf --outfile=figures/nue_H1_distBetween
PrimaryStartEndPoints_onlyCC_maxR600cm-eps-converted-to.pdf figures/nue_H1_dist
BetweenPrimaryStartEndPoints_onlyCC_maxR600cm.eps>
(epstopdf)             \includegraphics on input line 273.
Package epstopdf Info: Output file is already uptodate.

<figures/nue_H1_distBetweenPrimaryStartEndPoints_onlyCC_maxR600cm-eps-converted
-to.pdf, id=1140, 569.12625pt x 385.44pt>
File: figures/nue_H1_distBetweenPrimaryStartEndPoints_onlyCC_maxR600cm-eps-conv
erted-to.pdf Graphic file (type pdf)

<use figures/nue_H1_distBetweenPrimaryStartEndPoints_onlyCC_maxR600cm-eps-conve
rted-to.pdf>
Package pdftex.def Info: figures/nue_H1_distBetweenPrimaryStartEndPoints_onlyCC
_maxR600cm-eps-converted-to.pdf used on input line 273.
(pdftex.def)             Requested size: 153.64493pt x 104.05843pt.
Package epstopdf Info: Source file: <figures/nue_C12_distBetweenPrimaryStartEnd
Points_onlyCC_maxR600cm.eps>
(epstopdf)                    date: 2014-08-30 20:44:14
(epstopdf)                    size: 225774 bytes
(epstopdf)             Output file: <figures/nue_C12_distBetweenPrimaryStartEnd
Points_onlyCC_maxR600cm-eps-converted-to.pdf>
(epstopdf)                    date: 2014-08-30 20:49:22
(epstopdf)                    size: 30832 bytes
(epstopdf)             Command: <repstopdf --outfile=figures/nue_C12_distBetwee
nPrimaryStartEndPoints_onlyCC_maxR600cm-eps-converted-to.pdf figures/nue_C12_di
stBetweenPrimaryStartEndPoints_onlyCC_maxR600cm.eps>
(epstopdf)             \includegraphics on input line 273.
Package epstopdf Info: Output file is already uptodate.

<figures/nue_C12_distBetweenPrimaryStartEndPoints_onlyCC_maxR600cm-eps-converte
d-to.pdf, id=1141, 569.12625pt x 385.44pt>
File: figures/nue_C12_distBetweenPrimaryStartEndPoints_onlyCC_maxR600cm-eps-con
verted-to.pdf Graphic file (type pdf)

<use figures/nue_C12_distBetweenPrimaryStartEndPoints_onlyCC_maxR600cm-eps-conv
erted-to.pdf>
Package pdftex.def Info: figures/nue_C12_distBetweenPrimaryStartEndPoints_onlyC
C_maxR600cm-eps-converted-to.pdf used on input line 273.
(pdftex.def)             Requested size: 153.64493pt x 104.05843pt.
 [20

 <./figures/track_length_definition.png> <./figures/nue_H1_distBetweenPrimarySt
artEndPoints_onlyCC_maxR600cm-eps-converted-to.pdf> <./figures/nue_C12_distBetw
eenPrimaryStartEndPoints_onlyCC_maxR600cm-eps-converted-to.pdf>]
<figures/vertex_perpendicular_distance_from_track.png, id=1178, 468.952pt x 276
.232pt>
File: figures/vertex_perpendicular_distance_from_track.png Graphic file (type p
ng)
 <use figures/vertex_perpendicular_distance_from_track.png>
Package pdftex.def Info: figures/vertex_perpendicular_distance_from_track.png u
sed on input line 289.
(pdftex.def)             Requested size: 88.6653pt x 52.22852pt.
Package epstopdf Info: Source file: <figures/nue_H1_reconVertexPerpDistWrtTrack
ByStartEndPoints_onlyCC_maxR600cm.eps>
(epstopdf)                    date: 2014-08-30 20:50:44
(epstopdf)                    size: 213759 bytes
(epstopdf)             Output file: <figures/nue_H1_reconVertexPerpDistWrtTrack
ByStartEndPoints_onlyCC_maxR600cm-eps-converted-to.pdf>
(epstopdf)                    date: 2014-08-30 20:50:53
(epstopdf)                    size: 30869 bytes
(epstopdf)             Command: <repstopdf --outfile=figures/nue_H1_reconVertex
PerpDistWrtTrackByStartEndPoints_onlyCC_maxR600cm-eps-converted-to.pdf figures/
nue_H1_reconVertexPerpDistWrtTrackByStartEndPoints_onlyCC_maxR600cm.eps>
(epstopdf)             \includegraphics on input line 289.
Package epstopdf Info: Output file is already uptodate.

<figures/nue_H1_reconVertexPerpDistWrtTrackByStartEndPoints_onlyCC_maxR600cm-ep
s-converted-to.pdf, id=1179, 569.12625pt x 385.44pt>
File: figures/nue_H1_reconVertexPerpDistWrtTrackByStartEndPoints_onlyCC_maxR600
cm-eps-converted-to.pdf Graphic file (type pdf)

<use figures/nue_H1_reconVertexPerpDistWrtTrackByStartEndPoints_onlyCC_maxR600c
m-eps-converted-to.pdf>
Package pdftex.def Info: figures/nue_H1_reconVertexPerpDistWrtTrackByStartEndPo
ints_onlyCC_maxR600cm-eps-converted-to.pdf used on input line 289.
(pdftex.def)             Requested size: 153.64493pt x 104.05843pt.
Package epstopdf Info: Source file: <figures/nue_C12_reconVertexPerpDistWrtTrac
kByStartEndPoints_onlyCC_maxR600cm.eps>
(epstopdf)                    date: 2014-08-30 20:51:07
(epstopdf)                    size: 223884 bytes
(epstopdf)             Output file: <figures/nue_C12_reconVertexPerpDistWrtTrac
kByStartEndPoints_onlyCC_maxR600cm-eps-converted-to.pdf>
(epstopdf)                    date: 2014-08-30 20:51:17
(epstopdf)                    size: 32776 bytes
(epstopdf)             Command: <repstopdf --outfile=figures/nue_C12_reconVerte
xPerpDistWrtTrackByStartEndPoints_onlyCC_maxR600cm-eps-converted-to.pdf figures
/nue_C12_reconVertexPerpDistWrtTrackByStartEndPoints_onlyCC_maxR600cm.eps>
(epstopdf)             \includegraphics on input line 289.
Package epstopdf Info: Output file is already uptodate.

<figures/nue_C12_reconVertexPerpDistWrtTrackByStartEndPoints_onlyCC_maxR600cm-e
ps-converted-to.pdf, id=1180, 569.12625pt x 385.44pt>
File: figures/nue_C12_reconVertexPerpDistWrtTrackByStartEndPoints_onlyCC_maxR60
0cm-eps-converted-to.pdf Graphic file (type pdf)

<use figures/nue_C12_reconVertexPerpDistWrtTrackByStartEndPoints_onlyCC_maxR600
cm-eps-converted-to.pdf>
Package pdftex.def Info: figures/nue_C12_reconVertexPerpDistWrtTrackByStartEndP
oints_onlyCC_maxR600cm-eps-converted-to.pdf used on input line 289.
(pdftex.def)             Requested size: 153.64493pt x 104.05843pt.
 [21

 <./figures/vertex_perpendicular_distance_from_track.png> <./figures/nue_H1_rec
onVertexPerpDistWrtTrackByStartEndPoints_onlyCC_maxR600cm-eps-converted-to.pdf>
 <./figures/nue_C12_reconVertexPerpDistWrtTrackByStartEndPoints_onlyCC_maxR600c
m-eps-converted-to.pdf>]
<figures/vertex_distance_definition.png, id=1217, 536.404pt x 272.217pt>
File: figures/vertex_distance_definition.png Graphic file (type png)

<use figures/vertex_distance_definition.png>
Package pdftex.def Info: figures/vertex_distance_definition.png used on input l
ine 296.
(pdftex.def)             Requested size: 205.83273pt x 104.45705pt.
 [22

 <./figures/vertex_distance_definition.png>]
Overfull \hbox (2.81206pt too wide) in paragraph at lines 313--313
 []|\OT1/lmss/m/n/10.95 b| 
 []

Package epstopdf Info: Source file: <figures/nue_H1_reconVertexProjectedDistFro
mTrackEndAlongTrack_onlyCC_maxR600cm.eps>
(epstopdf)                    date: 2014-08-30 20:47:58
(epstopdf)                    size: 174119 bytes
(epstopdf)             Output file: <figures/nue_H1_reconVertexProjectedDistFro
mTrackEndAlongTrack_onlyCC_maxR600cm-eps-converted-to.pdf>
(epstopdf)                    date: 2014-08-30 20:48:23
(epstopdf)                    size: 26908 bytes
(epstopdf)             Command: <repstopdf --outfile=figures/nue_H1_reconVertex
ProjectedDistFromTrackEndAlongTrack_onlyCC_maxR600cm-eps-converted-to.pdf figur
es/nue_H1_reconVertexProjectedDistFromTrackEndAlongTrack_onlyCC_maxR600cm.eps>
(epstopdf)             \includegraphics on input line 313.
Package epstopdf Info: Output file is already uptodate.

<figures/nue_H1_reconVertexProjectedDistFromTrackEndAlongTrack_onlyCC_maxR600cm
-eps-converted-to.pdf, id=1245, 569.12625pt x 385.44pt>
File: figures/nue_H1_reconVertexProjectedDistFromTrackEndAlongTrack_onlyCC_maxR
600cm-eps-converted-to.pdf Graphic file (type pdf)

<use figures/nue_H1_reconVertexProjectedDistFromTrackEndAlongTrack_onlyCC_maxR6
00cm-eps-converted-to.pdf>
Package pdftex.def Info: figures/nue_H1_reconVertexProjectedDistFromTrackEndAlo
ngTrack_onlyCC_maxR600cm-eps-converted-to.pdf used on input line 313.
(pdftex.def)             Requested size: 138.2795pt x 93.64847pt.
Package epstopdf Info: Source file: <figures/nue_C12_reconVertexProjectedDistFr
omTrackEndAlongTrack_onlyCC_maxR600cm.eps>
(epstopdf)                    date: 2014-08-30 20:48:14
(epstopdf)                    size: 194883 bytes
(epstopdf)             Output file: <figures/nue_C12_reconVertexProjectedDistFr
omTrackEndAlongTrack_onlyCC_maxR600cm-eps-converted-to.pdf>
(epstopdf)                    date: 2014-08-30 20:48:26
(epstopdf)                    size: 29161 bytes
(epstopdf)             Command: <repstopdf --outfile=figures/nue_C12_reconVerte
xProjectedDistFromTrackEndAlongTrack_onlyCC_maxR600cm-eps-converted-to.pdf figu
res/nue_C12_reconVertexProjectedDistFromTrackEndAlongTrack_onlyCC_maxR600cm.eps
>
(epstopdf)             \includegraphics on input line 313.
Package epstopdf Info: Output file is already uptodate.

<figures/nue_C12_reconVertexProjectedDistFromTrackEndAlongTrack_onlyCC_maxR600c
m-eps-converted-to.pdf, id=1246, 569.12625pt x 385.44pt>
File: figures/nue_C12_reconVertexProjectedDistFromTrackEndAlongTrack_onlyCC_max
R600cm-eps-converted-to.pdf Graphic file (type pdf)

<use figures/nue_C12_reconVertexProjectedDistFromTrackEndAlongTrack_onlyCC_maxR
600cm-eps-converted-to.pdf>
Package pdftex.def Info: figures/nue_C12_reconVertexProjectedDistFromTrackEndAl
ongTrack_onlyCC_maxR600cm-eps-converted-to.pdf used on input line 313.
(pdftex.def)             Requested size: 138.2795pt x 93.64847pt.

Overfull \hbox (2.41656pt too wide) in paragraph at lines 313--313
 []|\OT1/lmss/m/n/10.95 a| 
 []

Package epstopdf Info: Source file: <figures/nue_H1_reconVertexProjectedDistFro
mTrackStartAlongTrack_onlyCC_maxR600cm.eps>
(epstopdf)                    date: 2014-08-30 20:47:58
(epstopdf)                    size: 166653 bytes
(epstopdf)             Output file: <figures/nue_H1_reconVertexProjectedDistFro
mTrackStartAlongTrack_onlyCC_maxR600cm-eps-converted-to.pdf>
(epstopdf)                    date: 2014-08-30 20:48:29
(epstopdf)                    size: 26085 bytes
(epstopdf)             Command: <repstopdf --outfile=figures/nue_H1_reconVertex
ProjectedDistFromTrackStartAlongTrack_onlyCC_maxR600cm-eps-converted-to.pdf fig
ures/nue_H1_reconVertexProjectedDistFromTrackStartAlongTrack_onlyCC_maxR600cm.e
ps>
(epstopdf)             \includegraphics on input line 313.
Package epstopdf Info: Output file is already uptodate.

<figures/nue_H1_reconVertexProjectedDistFromTrackStartAlongTrack_onlyCC_maxR600
cm-eps-converted-to.pdf, id=1247, 569.12625pt x 385.44pt>
File: figures/nue_H1_reconVertexProjectedDistFromTrackStartAlongTrack_onlyCC_ma
xR600cm-eps-converted-to.pdf Graphic file (type pdf)

<use figures/nue_H1_reconVertexProjectedDistFromTrackStartAlongTrack_onlyCC_max
R600cm-eps-converted-to.pdf>
Package pdftex.def Info: figures/nue_H1_reconVertexProjectedDistFromTrackStartA
longTrack_onlyCC_maxR600cm-eps-converted-to.pdf used on input line 313.
(pdftex.def)             Requested size: 138.2795pt x 93.64847pt.
Package epstopdf Info: Source file: <figures/nue_C12_reconVertexProjectedDistFr
omTrackStartAlongTrack_onlyCC_maxR600cm.eps>
(epstopdf)                    date: 2014-08-30 20:48:14
(epstopdf)                    size: 183811 bytes
(epstopdf)             Output file: <figures/nue_C12_reconVertexProjectedDistFr
omTrackStartAlongTrack_onlyCC_maxR600cm-eps-converted-to.pdf>
(epstopdf)                    date: 2014-08-30 20:48:32
(epstopdf)                    size: 28114 bytes
(epstopdf)             Command: <repstopdf --outfile=figures/nue_C12_reconVerte
xProjectedDistFromTrackStartAlongTrack_onlyCC_maxR600cm-eps-converted-to.pdf fi
gures/nue_C12_reconVertexProjectedDistFromTrackStartAlongTrack_onlyCC_maxR600cm
.eps>
(epstopdf)             \includegraphics on input line 313.
Package epstopdf Info: Output file is already uptodate.

<figures/nue_C12_reconVertexProjectedDistFromTrackStartAlongTrack_onlyCC_maxR60
0cm-eps-converted-to.pdf, id=1248, 569.12625pt x 385.44pt>
File: figures/nue_C12_reconVertexProjectedDistFromTrackStartAlongTrack_onlyCC_m
axR600cm-eps-converted-to.pdf Graphic file (type pdf)

<use figures/nue_C12_reconVertexProjectedDistFromTrackStartAlongTrack_onlyCC_ma
xR600cm-eps-converted-to.pdf>
Package pdftex.def Info: figures/nue_C12_reconVertexProjectedDistFromTrackStart
AlongTrack_onlyCC_maxR600cm-eps-converted-to.pdf used on input line 313.
(pdftex.def)             Requested size: 138.2795pt x 93.64847pt.

Overfull \hbox (9.71454pt too wide) in paragraph at lines 313--313
[][]  
 []

[23

 <./figures/nue_H1_reconVertexProjectedDistFromTrackEndAlongTrack_onlyCC_maxR60
0cm-eps-converted-to.pdf> <./figures/nue_C12_reconVertexProjectedDistFromTrackE
ndAlongTrack_onlyCC_maxR600cm-eps-converted-to.pdf> <./figures/nue_H1_reconVert
exProjectedDistFromTrackStartAlongTrack_onlyCC_maxR600cm-eps-converted-to.pdf> 
<./figures/nue_C12_reconVertexProjectedDistFromTrackStartAlongTrack_onlyCC_maxR
600cm-eps-converted-to.pdf>] [24

] [25

]
\tf@nav=\write6
\openout6 = `presentation_2014_fall.nav'.

\tf@toc=\write7
\openout7 = `presentation_2014_fall.toc'.

\tf@snm=\write8
\openout8 = `presentation_2014_fall.snm'.

Package atveryend Info: Empty hook `BeforeClearDocument' on input line 341.
Package atveryend Info: Empty hook `AfterLastShipout' on input line 341.
 (./presentation_2014_fall.aux)
Package atveryend Info: Executing hook `AtVeryEndDocument' on input line 341.
Package atveryend Info: Executing hook `AtEndAfterFileList' on input line 341.
Package rerunfilecheck Info: File `presentation_2014_fall.out' has not changed.

(rerunfilecheck)             Checksum: BF5890A4C446951CD15870768D804767;111.
Package atveryend Info: Empty hook `AtVeryVeryEnd' on input line 341.
 ) 
Here is how much of TeX's memory you used:
 25258 strings out of 493304
 518726 string characters out of 6139872
 542366 words of memory out of 5000000
 28103 multiletter control sequences out of 15000+600000
 64212 words of font info for 81 fonts, out of 8000000 for 9000
 957 hyphenation exceptions out of 8191
 49i,24n,53p,10444b,1158s stack positions out of 5000i,500n,10000p,200000b,80000s
{/usr/share/texmf/fonts/enc/dvips/lm/lm-mathit.enc}{/usr/share/texmf/fonts/en
c/dvips/lm/lm-rm.enc}{/usr/share/texmf/fonts/enc/dvips/lm/lm-mathsy.enc}</usr/s
hare/texlive/texmf-dist/fonts/type1/public/amsfonts/cm/cmss10.pfb></usr/share/t
exmf/fonts/type1/public/lm/lmmi10.pfb></usr/share/texmf/fonts/type1/public/lm/l
mmi12.pfb></usr/share/texmf/fonts/type1/public/lm/lmmi9.pfb></usr/share/texmf/f
onts/type1/public/lm/lmss10.pfb></usr/share/texmf/fonts/type1/public/lm/lmss12.
pfb></usr/share/texmf/fonts/type1/public/lm/lmss8.pfb></usr/share/texmf/fonts/t
ype1/public/lm/lmss9.pfb></usr/share/texmf/fonts/type1/public/lm/lmsso10.pfb></
usr/share/texmf/fonts/type1/public/lm/lmsso8.pfb></usr/share/texmf/fonts/type1/
public/lm/lmsso9.pfb></usr/share/texmf/fonts/type1/public/lm/lmsy10.pfb></usr/s
hare/texmf/fonts/type1/public/lm/lmsy7.pfb></usr/share/texlive/texmf-dist/fonts
/type1/public/amsfonts/symbols/msam10.pfb></usr/share/texlive/texmf-dist/fonts/
type1/public/amsfonts/symbols/msam7.pfb>
Output written on presentation_2014_fall.pdf (25 pages, 1687684 bytes).
PDF statistics:
 1409 PDF objects out of 1440 (max. 8388607)
 975 compressed objects within 10 object streams
 53 named destinations out of 1000 (max. 500000)
 219 words of extra memory for PDF output out of 10000 (max. 10000000)

